{"/home/travis/build/npmtest/node-npmtest-gulp-electron/test.js":{"path":"/home/travis/build/npmtest/node-npmtest-gulp-electron/test.js","s":{"1":2,"2":2,"3":2,"4":2,"5":2,"6":2,"7":2,"8":1,"9":2,"10":2,"11":1,"12":1,"13":1,"14":1,"15":2,"16":2,"17":2,"18":2,"19":1,"20":1,"21":2,"22":2,"23":2,"24":1,"25":1,"26":1,"27":1,"28":1,"29":1,"30":1,"31":1,"32":1,"33":1,"34":1,"35":1,"36":1,"37":1,"38":1,"39":2,"40":2,"41":1,"42":2,"43":2,"44":1,"45":2,"46":2,"47":1,"48":2,"49":2,"50":1,"51":1,"52":1,"53":1,"54":1},"b":{"1":[2,1,1,1],"2":[1,1,1,1],"3":[1,1],"4":[1,1],"5":[1,1],"6":[1,1],"7":[1,1],"8":[1,1],"9":[1,1],"10":[1,1,1],"11":[1,1],"12":[1,1],"13":[1,1],"14":[1,1],"15":[1,1],"16":[1,1],"17":[1,1]},"f":{"1":2,"2":2,"3":2,"4":2,"5":2,"6":1,"7":1,"8":1,"9":2,"10":2,"11":2,"12":2,"13":1},"fnMap":{"1":{"name":"(anonymous_1)","line":12,"loc":{"start":{"line":12,"column":1},"end":{"line":12,"column":13}}},"2":{"name":"(anonymous_2)","line":19,"loc":{"start":{"line":19,"column":5},"end":{"line":19,"column":17}}},"3":{"name":"(anonymous_3)","line":23,"loc":{"start":{"line":23,"column":24},"end":{"line":23,"column":36}}},"4":{"name":"(anonymous_4)","line":61,"loc":{"start":{"line":61,"column":5},"end":{"line":61,"column":17}}},"5":{"name":"(anonymous_5)","line":82,"loc":{"start":{"line":82,"column":5},"end":{"line":82,"column":17}}},"6":{"name":"(anonymous_6)","line":91,"loc":{"start":{"line":91,"column":77},"end":{"line":94,"column":10}}},"7":{"name":"(anonymous_7)","line":112,"loc":{"start":{"line":112,"column":83},"end":{"line":115,"column":10}},"skip":true},"8":{"name":"(anonymous_8)","line":123,"loc":{"start":{"line":123,"column":77},"end":{"line":126,"column":10}},"skip":true},"9":{"name":"(anonymous_9)","line":139,"loc":{"start":{"line":139,"column":12},"end":{"line":139,"column":40}},"skip":true},"10":{"name":"(anonymous_10)","line":147,"loc":{"start":{"line":147,"column":77},"end":{"line":150,"column":10}},"skip":true},"11":{"name":"(anonymous_11)","line":158,"loc":{"start":{"line":158,"column":83},"end":{"line":161,"column":10}},"skip":true},"12":{"name":"(anonymous_12)","line":169,"loc":{"start":{"line":169,"column":79},"end":{"line":172,"column":10}},"skip":true},"13":{"name":"(anonymous_13)","line":180,"loc":{"start":{"line":180,"column":75},"end":{"line":183,"column":10}},"skip":true}},"statementMap":{"1":{"start":{"line":12,"column":0},"end":{"line":195,"column":5}},"2":{"start":{"line":14,"column":4},"end":{"line":14,"column":14}},"3":{"start":{"line":19,"column":4},"end":{"line":56,"column":9}},"4":{"start":{"line":21,"column":8},"end":{"line":21,"column":19}},"5":{"start":{"line":23,"column":8},"end":{"line":35,"column":13}},"6":{"start":{"line":24,"column":12},"end":{"line":34,"column":13}},"7":{"start":{"line":25,"column":16},"end":{"line":28,"column":30}},"8":{"start":{"line":30,"column":16},"end":{"line":33,"column":27}},"9":{"start":{"line":37,"column":8},"end":{"line":39,"column":21}},"10":{"start":{"line":40,"column":8},"end":{"line":53,"column":9}},"11":{"start":{"line":43,"column":12},"end":{"line":46,"column":14}},"12":{"start":{"line":47,"column":12},"end":{"line":47,"column":18}},"13":{"start":{"line":50,"column":12},"end":{"line":51,"column":33}},"14":{"start":{"line":52,"column":12},"end":{"line":52,"column":18}},"15":{"start":{"line":55,"column":8},"end":{"line":55,"column":35}},"16":{"start":{"line":61,"column":4},"end":{"line":63,"column":9}},"17":{"start":{"line":62,"column":8},"end":{"line":62,"column":15}},"18":{"start":{"line":64,"column":4},"end":{"line":77,"column":5}},"19":{"start":{"line":70,"column":8},"end":{"line":70,"column":14}},"20":{"start":{"line":76,"column":8},"end":{"line":76,"column":14}},"21":{"start":{"line":82,"column":4},"end":{"line":84,"column":9}},"22":{"start":{"line":83,"column":8},"end":{"line":83,"column":15}},"23":{"start":{"line":85,"column":4},"end":{"line":194,"column":5}},"24":{"start":{"line":91,"column":8},"end":{"line":99,"column":10}},"25":{"start":{"line":98,"column":12},"end":{"line":98,"column":35}},"26":{"start":{"line":102,"column":8},"end":{"line":104,"column":63}},"27":{"start":{"line":105,"column":8},"end":{"line":105,"column":14}},"28":{"start":{"line":112,"column":8},"end":{"line":121,"column":10},"skip":true},"29":{"start":{"line":119,"column":12},"end":{"line":119,"column":55},"skip":true},"30":{"start":{"line":120,"column":12},"end":{"line":120,"column":48},"skip":true},"31":{"start":{"line":123,"column":8},"end":{"line":136,"column":10},"skip":true},"32":{"start":{"line":130,"column":12},"end":{"line":130,"column":76},"skip":true},"33":{"start":{"line":131,"column":12},"end":{"line":131,"column":73},"skip":true},"34":{"start":{"line":132,"column":12},"end":{"line":132,"column":74},"skip":true},"35":{"start":{"line":133,"column":12},"end":{"line":133,"column":79},"skip":true},"36":{"start":{"line":134,"column":12},"end":{"line":134,"column":25},"skip":true},"37":{"start":{"line":135,"column":12},"end":{"line":135,"column":45},"skip":true},"38":{"start":{"line":138,"column":8},"end":{"line":145,"column":14},"skip":true},"39":{"start":{"line":143,"column":16},"end":{"line":143,"column":29},"skip":true},"40":{"start":{"line":144,"column":16},"end":{"line":144,"column":55},"skip":true},"41":{"start":{"line":147,"column":8},"end":{"line":156,"column":10},"skip":true},"42":{"start":{"line":154,"column":12},"end":{"line":154,"column":25},"skip":true},"43":{"start":{"line":155,"column":12},"end":{"line":155,"column":45},"skip":true},"44":{"start":{"line":158,"column":8},"end":{"line":167,"column":10},"skip":true},"45":{"start":{"line":165,"column":12},"end":{"line":165,"column":25},"skip":true},"46":{"start":{"line":166,"column":12},"end":{"line":166,"column":48},"skip":true},"47":{"start":{"line":169,"column":8},"end":{"line":178,"column":10},"skip":true},"48":{"start":{"line":176,"column":12},"end":{"line":176,"column":25},"skip":true},"49":{"start":{"line":177,"column":12},"end":{"line":177,"column":46},"skip":true},"50":{"start":{"line":180,"column":8},"end":{"line":189,"column":10},"skip":true},"51":{"start":{"line":187,"column":12},"end":{"line":187,"column":94},"skip":true},"52":{"start":{"line":188,"column":12},"end":{"line":188,"column":48},"skip":true},"53":{"start":{"line":192,"column":8},"end":{"line":192,"column":35},"skip":true},"54":{"start":{"line":193,"column":8},"end":{"line":193,"column":14},"skip":true}},"branchMap":{"1":{"line":25,"type":"binary-expr","locations":[{"start":{"line":25,"column":23},"end":{"line":25,"column":62}},{"start":{"line":26,"column":20},"end":{"line":26,"column":70}},{"start":{"line":27,"column":20},"end":{"line":27,"column":71}},{"start":{"line":28,"column":20},"end":{"line":28,"column":29}}]},"2":{"line":30,"type":"binary-expr","locations":[{"start":{"line":30,"column":23},"end":{"line":30,"column":37}},{"start":{"line":31,"column":20},"end":{"line":31,"column":61}},{"start":{"line":32,"column":20},"end":{"line":32,"column":70}},{"start":{"line":33,"column":20},"end":{"line":33,"column":26}}]},"3":{"line":37,"type":"cond-expr","locations":[{"start":{"line":38,"column":14},"end":{"line":38,"column":20}},{"start":{"line":39,"column":14},"end":{"line":39,"column":20}}]},"4":{"line":40,"type":"switch","locations":[{"start":{"line":42,"column":8},"end":{"line":47,"column":18}},{"start":{"line":49,"column":8},"end":{"line":52,"column":18}}]},"5":{"line":44,"type":"binary-expr","locations":[{"start":{"line":44,"column":16},"end":{"line":44,"column":44}},{"start":{"line":44,"column":48},"end":{"line":44,"column":66}}]},"6":{"line":50,"type":"binary-expr","locations":[{"start":{"line":50,"column":21},"end":{"line":50,"column":49}},{"start":{"line":50,"column":53},"end":{"line":50,"column":72}}]},"7":{"line":64,"type":"switch","locations":[{"start":{"line":69,"column":4},"end":{"line":70,"column":14}},{"start":{"line":75,"column":4},"end":{"line":76,"column":14}}]},"8":{"line":85,"type":"switch","locations":[{"start":{"line":90,"column":4},"end":{"line":105,"column":14}},{"start":{"line":111,"column":4},"end":{"line":193,"column":14},"skip":true}]},"9":{"line":91,"type":"binary-expr","locations":[{"start":{"line":91,"column":42},"end":{"line":91,"column":73}},{"start":{"line":91,"column":77},"end":{"line":99,"column":9}}]},"10":{"line":102,"type":"binary-expr","locations":[{"start":{"line":102,"column":18},"end":{"line":102,"column":32}},{"start":{"line":103,"column":12},"end":{"line":103,"column":53}},{"start":{"line":104,"column":12},"end":{"line":104,"column":61}}]},"11":{"line":112,"type":"binary-expr","locations":[{"start":{"line":112,"column":45},"end":{"line":112,"column":79},"skip":true},{"start":{"line":112,"column":83},"end":{"line":121,"column":9},"skip":true}]},"12":{"line":123,"type":"binary-expr","locations":[{"start":{"line":123,"column":42},"end":{"line":123,"column":73},"skip":true},{"start":{"line":123,"column":77},"end":{"line":136,"column":9},"skip":true}]},"13":{"line":138,"type":"binary-expr","locations":[{"start":{"line":138,"column":48},"end":{"line":138,"column":85},"skip":true},{"start":{"line":139,"column":12},"end":{"line":145,"column":13},"skip":true}]},"14":{"line":147,"type":"binary-expr","locations":[{"start":{"line":147,"column":42},"end":{"line":147,"column":73},"skip":true},{"start":{"line":147,"column":77},"end":{"line":156,"column":9},"skip":true}]},"15":{"line":158,"type":"binary-expr","locations":[{"start":{"line":158,"column":45},"end":{"line":158,"column":79},"skip":true},{"start":{"line":158,"column":83},"end":{"line":167,"column":9},"skip":true}]},"16":{"line":169,"type":"binary-expr","locations":[{"start":{"line":169,"column":43},"end":{"line":169,"column":75},"skip":true},{"start":{"line":169,"column":79},"end":{"line":178,"column":9},"skip":true}]},"17":{"line":180,"type":"binary-expr","locations":[{"start":{"line":180,"column":41},"end":{"line":180,"column":71},"skip":true},{"start":{"line":180,"column":75},"end":{"line":189,"column":9},"skip":true}]}},"code":["/* istanbul instrument in package npmtest_gulp_electron */","/*jslint","    bitwise: true,","    browser: true,","    maxerr: 8,","    maxlen: 96,","    node: true,","    nomen: true,","    regexp: true,","    stupid: true","*/","(function () {","    'use strict';","    var local;","","","","    // run shared js-env code - init-before","    (function () {","        // init local","        local = {};","        // init modeJs","        local.modeJs = (function () {","            try {","                return typeof navigator.userAgent === 'string' &&","                    typeof document.querySelector('body') === 'object' &&","                    typeof XMLHttpRequest.prototype.open === 'function' &&","                    'browser';","            } catch (errorCaughtBrowser) {","                return module.exports &&","                    typeof process.versions.node === 'string' &&","                    typeof require('http').createServer === 'function' &&","                    'node';","            }","        }());","        // init global","        local.global = local.modeJs === 'browser'","            ? window","            : global;","        switch (local.modeJs) {","        // re-init local from window.local","        case 'browser':","            local = local.global.utility2.objectSetDefault(","                local.global.utility2_rollup || local.global.local,","                local.global.utility2","            );","            break;","        // re-init local from example.js","        case 'node':","            local = (local.global.utility2_rollup || require('utility2'))","                .requireReadme();","            break;","        }","        // export local","        local.global.local = local;","    }());","","","","    // run shared js-env code - function","    (function () {","        return;","    }());","    switch (local.modeJs) {","","","","    // run browser js-env code - function","    case 'browser':","        break;","","","","    // run node js-env code - function","    case 'node':","        break;","    }","","","","    // run shared js-env code - init-after","    (function () {","        return;","    }());","    switch (local.modeJs) {","","","","    // run browser js-env code - init-after","    case 'browser':","        local.testCase_browser_nullCase = local.testCase_browser_nullCase || function (","            options,","            onError","        ) {","        /*","         * this function will test browsers's null-case handling-behavior-behavior","         */","            onError(null, options);","        };","","        // run tests","        local.nop(local.modeTest &&","            document.querySelector('#testRunButton1') &&","            document.querySelector('#testRunButton1').click());","        break;","","","","    // run node js-env code - init-after","    /* istanbul ignore next */","    case 'node':","        local.testCase_buildApidoc_default = local.testCase_buildApidoc_default || function (","            options,","            onError","        ) {","        /*","         * this function will test buildApidoc's default handling-behavior-behavior","         */","            options = { modulePathList: module.paths };","            local.buildApidoc(options, onError);","        };","","        local.testCase_buildApp_default = local.testCase_buildApp_default || function (","            options,","            onError","        ) {","        /*","         * this function will test buildApp's default handling-behavior-behavior","         */","            local.testCase_buildReadme_default(options, local.onErrorThrow);","            local.testCase_buildLib_default(options, local.onErrorThrow);","            local.testCase_buildTest_default(options, local.onErrorThrow);","            local.testCase_buildCustomOrg_default(options, local.onErrorThrow);","            options = [];","            local.buildApp(options, onError);","        };","","        local.testCase_buildCustomOrg_default = local.testCase_buildCustomOrg_default ||","            function (options, onError) {","            /*","             * this function will test buildCustomOrg's default handling-behavior","             */","                options = {};","                local.buildCustomOrg(options, onError);","            };","","        local.testCase_buildLib_default = local.testCase_buildLib_default || function (","            options,","            onError","        ) {","        /*","         * this function will test buildLib's default handling-behavior","         */","            options = {};","            local.buildLib(options, onError);","        };","","        local.testCase_buildReadme_default = local.testCase_buildReadme_default || function (","            options,","            onError","        ) {","        /*","         * this function will test buildReadme's default handling-behavior-behavior","         */","            options = {};","            local.buildReadme(options, onError);","        };","","        local.testCase_buildTest_default = local.testCase_buildTest_default || function (","            options,","            onError","        ) {","        /*","         * this function will test buildTest's default handling-behavior","         */","            options = {};","            local.buildTest(options, onError);","        };","","        local.testCase_webpage_default = local.testCase_webpage_default || function (","            options,","            onError","        ) {","        /*","         * this function will test webpage's default handling-behavior","         */","            options = { modeCoverageMerge: true, url: local.serverLocalHost + '?modeTest=1' };","            local.browserTest(options, onError);","        };","","        // run test-server","        local.testRunServer(local);","        break;","    }","}());",""],"l":{"12":2,"14":2,"19":2,"21":2,"23":2,"24":2,"25":2,"30":1,"37":2,"40":2,"43":1,"47":1,"50":1,"52":1,"55":2,"61":2,"62":2,"64":2,"70":1,"76":1,"82":2,"83":2,"85":2,"91":1,"98":1,"102":1,"105":1,"112":1,"119":1,"120":1,"123":1,"130":1,"131":1,"132":1,"133":1,"134":1,"135":1,"138":1,"143":2,"144":2,"147":1,"154":2,"155":2,"158":1,"165":2,"166":2,"169":1,"176":2,"177":2,"180":1,"187":1,"188":1,"192":1,"193":1}},"/home/travis/build/npmtest/node-npmtest-gulp-electron/lib.npmtest_gulp_electron.js":{"path":"/home/travis/build/npmtest/node-npmtest-gulp-electron/lib.npmtest_gulp_electron.js","s":{"1":2,"2":2,"3":2,"4":2,"5":2,"6":2,"7":2,"8":1,"9":2,"10":2,"11":2,"12":2,"13":1,"14":1,"15":1,"16":1},"b":{"1":[2,1,1,1],"2":[1,1,1,1],"3":[1,1],"4":[2,2],"5":[1,1]},"f":{"1":2,"2":2,"3":2},"fnMap":{"1":{"name":"(anonymous_1)","line":12,"loc":{"start":{"line":12,"column":1},"end":{"line":12,"column":13}}},"2":{"name":"(anonymous_2)","line":19,"loc":{"start":{"line":19,"column":5},"end":{"line":19,"column":17}}},"3":{"name":"(anonymous_3)","line":23,"loc":{"start":{"line":23,"column":24},"end":{"line":23,"column":36}}}},"statementMap":{"1":{"start":{"line":12,"column":0},"end":{"line":53,"column":5}},"2":{"start":{"line":14,"column":4},"end":{"line":14,"column":14}},"3":{"start":{"line":19,"column":4},"end":{"line":52,"column":9}},"4":{"start":{"line":21,"column":8},"end":{"line":21,"column":19}},"5":{"start":{"line":23,"column":8},"end":{"line":35,"column":13}},"6":{"start":{"line":24,"column":12},"end":{"line":34,"column":13}},"7":{"start":{"line":25,"column":16},"end":{"line":28,"column":30}},"8":{"start":{"line":30,"column":16},"end":{"line":33,"column":27}},"9":{"start":{"line":37,"column":8},"end":{"line":39,"column":21}},"10":{"start":{"line":41,"column":8},"end":{"line":41,"column":54}},"11":{"start":{"line":43,"column":8},"end":{"line":43,"column":58}},"12":{"start":{"line":45,"column":8},"end":{"line":51,"column":9}},"13":{"start":{"line":46,"column":12},"end":{"line":46,"column":64}},"14":{"start":{"line":48,"column":12},"end":{"line":48,"column":35}},"15":{"start":{"line":49,"column":12},"end":{"line":49,"column":49}},"16":{"start":{"line":50,"column":12},"end":{"line":50,"column":43}}},"branchMap":{"1":{"line":25,"type":"binary-expr","locations":[{"start":{"line":25,"column":23},"end":{"line":25,"column":62}},{"start":{"line":26,"column":20},"end":{"line":26,"column":70}},{"start":{"line":27,"column":20},"end":{"line":27,"column":71}},{"start":{"line":28,"column":20},"end":{"line":28,"column":29}}]},"2":{"line":30,"type":"binary-expr","locations":[{"start":{"line":30,"column":23},"end":{"line":30,"column":37}},{"start":{"line":31,"column":20},"end":{"line":31,"column":61}},{"start":{"line":32,"column":20},"end":{"line":32,"column":70}},{"start":{"line":33,"column":20},"end":{"line":33,"column":26}}]},"3":{"line":37,"type":"cond-expr","locations":[{"start":{"line":38,"column":14},"end":{"line":38,"column":20}},{"start":{"line":39,"column":14},"end":{"line":39,"column":20}}]},"4":{"line":41,"type":"binary-expr","locations":[{"start":{"line":41,"column":16},"end":{"line":41,"column":44}},{"start":{"line":41,"column":48},"end":{"line":41,"column":53}}]},"5":{"line":45,"type":"if","locations":[{"start":{"line":45,"column":8},"end":{"line":45,"column":8}},{"start":{"line":45,"column":8},"end":{"line":45,"column":8}}]}},"code":["/* istanbul instrument in package npmtest_gulp_electron */","/*jslint","    bitwise: true,","    browser: true,","    maxerr: 8,","    maxlen: 96,","    node: true,","    nomen: true,","    regexp: true,","    stupid: true","*/","(function () {","    'use strict';","    var local;","","","","    // run shared js-env code - init-before","    (function () {","        // init local","        local = {};","        // init modeJs","        local.modeJs = (function () {","            try {","                return typeof navigator.userAgent === 'string' &&","                    typeof document.querySelector('body') === 'object' &&","                    typeof XMLHttpRequest.prototype.open === 'function' &&","                    'browser';","            } catch (errorCaughtBrowser) {","                return module.exports &&","                    typeof process.versions.node === 'string' &&","                    typeof require('http').createServer === 'function' &&","                    'node';","            }","        }());","        // init global","        local.global = local.modeJs === 'browser'","            ? window","            : global;","        // init utility2_rollup","        local = local.global.utility2_rollup || local;","        // init lib","        local.local = local.npmtest_gulp_electron = local;","        // init exports","        if (local.modeJs === 'browser') {","            local.global.utility2_npmtest_gulp_electron = local;","        } else {","            module.exports = local;","            module.exports.__dirname = __dirname;","            module.exports.module = module;","        }","    }());","}());",""],"l":{"12":2,"14":2,"19":2,"21":2,"23":2,"24":2,"25":2,"30":1,"37":2,"41":2,"43":2,"45":2,"46":1,"48":1,"49":1,"50":1}},"/home/travis/build/npmtest/node-npmtest-gulp-electron/example.js":{"path":"/home/travis/build/npmtest/node-npmtest-gulp-electron/example.js","s":{"1":2,"2":2,"3":2,"4":2,"5":2,"6":2,"7":2,"8":1,"9":2,"10":2,"11":2,"12":2,"13":1,"14":2,"15":2,"16":2,"17":2,"18":2,"19":0,"20":2,"21":1,"22":1,"23":1,"24":1,"25":1,"26":0,"27":0,"28":1,"29":1,"30":2,"31":0,"32":0,"33":0,"34":1,"35":2,"36":2,"37":3,"38":3,"39":3,"40":3,"41":0,"42":3,"43":3,"44":3,"45":1,"46":3,"47":1,"48":1,"49":1,"50":1,"51":1,"52":1,"53":1,"54":1,"55":1,"56":1,"57":0,"58":1,"59":6,"60":6,"61":1,"62":2,"63":0,"64":2,"65":1,"66":1,"67":0,"68":0,"69":0,"70":0,"71":0,"72":0,"73":0,"74":0,"75":0,"76":0,"77":0,"78":0,"79":0,"80":0,"81":0,"82":0,"83":0},"b":{"1":[2,1,1,1],"2":[1,1,1,1],"3":[1,1],"4":[2,2],"5":[1,1],"6":[1,1],"7":[2,0],"8":[2,1,1,1,1,1],"9":[0,2,0],"10":[1,1],"11":[2,1,1],"12":[1,0],"13":[0,2],"14":[2,0,0,0,0,0,0],"15":[0,3],"16":[3,0],"17":[1,1],"18":[0,1],"19":[1,2,0,2],"20":[1,0],"21":[1,1],"22":[0,0],"23":[0,0],"24":[0,0],"25":[0,0],"26":[0,0],"27":[0,0],"28":[0,0]},"f":{"1":2,"2":2,"3":2,"4":2,"5":2,"6":2,"7":3,"8":3,"9":3,"10":1,"11":6,"12":0},"fnMap":{"1":{"name":"(anonymous_1)","line":26,"loc":{"start":{"line":26,"column":1},"end":{"line":26,"column":13}}},"2":{"name":"(anonymous_2)","line":33,"loc":{"start":{"line":33,"column":5},"end":{"line":33,"column":17}}},"3":{"name":"(anonymous_3)","line":37,"loc":{"start":{"line":37,"column":24},"end":{"line":37,"column":36}}},"4":{"name":"(anonymous_4)","line":69,"loc":{"start":{"line":69,"column":31},"end":{"line":69,"column":48}},"skip":true},"5":{"name":"(anonymous_5)","line":78,"loc":{"start":{"line":78,"column":26},"end":{"line":78,"column":45}},"skip":true},"6":{"name":"(anonymous_6)","line":123,"loc":{"start":{"line":123,"column":33},"end":{"line":123,"column":48}},"skip":true},"7":{"name":"(anonymous_7)","line":125,"loc":{"start":{"line":125,"column":27},"end":{"line":125,"column":39}},"skip":true},"8":{"name":"(anonymous_8)","line":133,"loc":{"start":{"line":133,"column":59},"end":{"line":133,"column":74}},"skip":true},"9":{"name":"(anonymous_9)","line":143,"loc":{"start":{"line":143,"column":45},"end":{"line":143,"column":62}},"skip":true},"10":{"name":"(anonymous_10)","line":144,"loc":{"start":{"line":144,"column":73},"end":{"line":144,"column":92}},"skip":true},"11":{"name":"(anonymous_11)","line":272,"loc":{"start":{"line":272,"column":51},"end":{"line":272,"column":77}},"skip":true},"12":{"name":"(anonymous_12)","line":315,"loc":{"start":{"line":315,"column":32},"end":{"line":315,"column":61}},"skip":true}},"statementMap":{"1":{"start":{"line":26,"column":0},"end":{"line":326,"column":5}},"2":{"start":{"line":28,"column":4},"end":{"line":28,"column":14}},"3":{"start":{"line":33,"column":4},"end":{"line":60,"column":9}},"4":{"start":{"line":35,"column":8},"end":{"line":35,"column":19}},"5":{"start":{"line":37,"column":8},"end":{"line":49,"column":13}},"6":{"start":{"line":38,"column":12},"end":{"line":48,"column":13}},"7":{"start":{"line":39,"column":16},"end":{"line":42,"column":30}},"8":{"start":{"line":44,"column":16},"end":{"line":47,"column":27}},"9":{"start":{"line":51,"column":8},"end":{"line":53,"column":21}},"10":{"start":{"line":55,"column":8},"end":{"line":57,"column":45}},"11":{"start":{"line":59,"column":8},"end":{"line":59,"column":35}},"12":{"start":{"line":61,"column":4},"end":{"line":325,"column":5}},"13":{"start":{"line":69,"column":8},"end":{"line":121,"column":10},"skip":true},"14":{"start":{"line":70,"column":12},"end":{"line":88,"column":13},"skip":true},"15":{"start":{"line":76,"column":16},"end":{"line":87,"column":19},"skip":true},"16":{"start":{"line":79,"column":20},"end":{"line":86,"column":21},"skip":true},"17":{"start":{"line":82,"column":24},"end":{"line":82,"column":43},"skip":true},"18":{"start":{"line":83,"column":24},"end":{"line":83,"column":30},"skip":true},"19":{"start":{"line":85,"column":24},"end":{"line":85,"column":49},"skip":true},"20":{"start":{"line":89,"column":12},"end":{"line":107,"column":13},"skip":true},"21":{"start":{"line":92,"column":16},"end":{"line":102,"column":17},"skip":true},"22":{"start":{"line":93,"column":20},"end":{"line":93,"column":86},"skip":true},"23":{"start":{"line":94,"column":20},"end":{"line":95,"column":45},"skip":true},"24":{"start":{"line":96,"column":20},"end":{"line":96,"column":42},"skip":true},"25":{"start":{"line":97,"column":20},"end":{"line":97,"column":48},"skip":true},"26":{"start":{"line":100,"column":20},"end":{"line":100,"column":85},"skip":true},"27":{"start":{"line":101,"column":20},"end":{"line":101,"column":96},"skip":true},"28":{"start":{"line":103,"column":16},"end":{"line":103,"column":22},"skip":true},"29":{"start":{"line":106,"column":16},"end":{"line":106,"column":22},"skip":true},"30":{"start":{"line":108,"column":12},"end":{"line":120,"column":13},"skip":true},"31":{"start":{"line":114,"column":16},"end":{"line":119,"column":17},"skip":true},"32":{"start":{"line":116,"column":20},"end":{"line":116,"column":78},"skip":true},"33":{"start":{"line":118,"column":20},"end":{"line":118,"column":47},"skip":true},"34":{"start":{"line":123,"column":8},"end":{"line":141,"column":11},"skip":true},"35":{"start":{"line":124,"column":12},"end":{"line":124,"column":54},"skip":true},"36":{"start":{"line":125,"column":12},"end":{"line":140,"column":14},"skip":true},"37":{"start":{"line":126,"column":16},"end":{"line":126,"column":28},"skip":true},"38":{"start":{"line":127,"column":16},"end":{"line":127,"column":69},"skip":true},"39":{"start":{"line":128,"column":16},"end":{"line":128,"column":75},"skip":true},"40":{"start":{"line":129,"column":16},"end":{"line":131,"column":17},"skip":true},"41":{"start":{"line":130,"column":20},"end":{"line":130,"column":27},"skip":true},"42":{"start":{"line":133,"column":16},"end":{"line":137,"column":36},"skip":true},"43":{"start":{"line":134,"column":20},"end":{"line":136,"column":55},"skip":true},"44":{"start":{"line":139,"column":16},"end":{"line":139,"column":57},"skip":true},"45":{"start":{"line":143,"column":8},"end":{"line":147,"column":11},"skip":true},"46":{"start":{"line":144,"column":12},"end":{"line":146,"column":15},"skip":true},"47":{"start":{"line":145,"column":16},"end":{"line":145,"column":70},"skip":true},"48":{"start":{"line":149,"column":8},"end":{"line":149,"column":31},"skip":true},"49":{"start":{"line":150,"column":8},"end":{"line":150,"column":14},"skip":true},"50":{"start":{"line":158,"column":8},"end":{"line":158,"column":31},"skip":true},"51":{"start":{"line":160,"column":8},"end":{"line":160,"column":33},"skip":true},"52":{"start":{"line":161,"column":8},"end":{"line":161,"column":37},"skip":true},"53":{"start":{"line":162,"column":8},"end":{"line":162,"column":35},"skip":true},"54":{"start":{"line":164,"column":8},"end":{"line":164,"column":50},"skip":true},"55":{"start":{"line":166,"column":8},"end":{"line":256,"column":2},"skip":true},"56":{"start":{"line":258,"column":8},"end":{"line":286,"column":9},"skip":true},"57":{"start":{"line":259,"column":12},"end":{"line":269,"column":14},"skip":true},"58":{"start":{"line":271,"column":12},"end":{"line":285,"column":19},"skip":true},"59":{"start":{"line":274,"column":20},"end":{"line":274,"column":35},"skip":true},"60":{"start":{"line":275,"column":20},"end":{"line":284,"column":21},"skip":true},"61":{"start":{"line":277,"column":24},"end":{"line":277,"column":64},"skip":true},"62":{"start":{"line":279,"column":24},"end":{"line":279,"column":40},"skip":true},"63":{"start":{"line":281,"column":24},"end":{"line":281,"column":40},"skip":true},"64":{"start":{"line":283,"column":24},"end":{"line":283,"column":39},"skip":true},"65":{"start":{"line":288,"column":8},"end":{"line":290,"column":9},"skip":true},"66":{"start":{"line":289,"column":12},"end":{"line":289,"column":18},"skip":true},"67":{"start":{"line":291,"column":8},"end":{"line":293,"column":54},"skip":true},"68":{"start":{"line":296,"column":8},"end":{"line":301,"column":37},"skip":true},"69":{"start":{"line":303,"column":8},"end":{"line":303,"column":82},"skip":true},"70":{"start":{"line":306,"column":8},"end":{"line":308,"column":9},"skip":true},"71":{"start":{"line":307,"column":12},"end":{"line":307,"column":82},"skip":true},"72":{"start":{"line":310,"column":8},"end":{"line":312,"column":9},"skip":true},"73":{"start":{"line":311,"column":12},"end":{"line":311,"column":18},"skip":true},"74":{"start":{"line":313,"column":8},"end":{"line":313,"column":54},"skip":true},"75":{"start":{"line":314,"column":8},"end":{"line":314,"column":69},"skip":true},"76":{"start":{"line":315,"column":8},"end":{"line":323,"column":36},"skip":true},"77":{"start":{"line":316,"column":12},"end":{"line":316,"column":61},"skip":true},"78":{"start":{"line":317,"column":12},"end":{"line":320,"column":13},"skip":true},"79":{"start":{"line":318,"column":16},"end":{"line":318,"column":75},"skip":true},"80":{"start":{"line":319,"column":16},"end":{"line":319,"column":23},"skip":true},"81":{"start":{"line":321,"column":12},"end":{"line":321,"column":38},"skip":true},"82":{"start":{"line":322,"column":12},"end":{"line":322,"column":27},"skip":true},"83":{"start":{"line":324,"column":8},"end":{"line":324,"column":14},"skip":true}},"branchMap":{"1":{"line":39,"type":"binary-expr","locations":[{"start":{"line":39,"column":23},"end":{"line":39,"column":62}},{"start":{"line":40,"column":20},"end":{"line":40,"column":70}},{"start":{"line":41,"column":20},"end":{"line":41,"column":71}},{"start":{"line":42,"column":20},"end":{"line":42,"column":29}}]},"2":{"line":44,"type":"binary-expr","locations":[{"start":{"line":44,"column":23},"end":{"line":44,"column":37}},{"start":{"line":45,"column":20},"end":{"line":45,"column":61}},{"start":{"line":46,"column":20},"end":{"line":46,"column":70}},{"start":{"line":47,"column":20},"end":{"line":47,"column":26}}]},"3":{"line":51,"type":"cond-expr","locations":[{"start":{"line":52,"column":14},"end":{"line":52,"column":20}},{"start":{"line":53,"column":14},"end":{"line":53,"column":20}}]},"4":{"line":55,"type":"binary-expr","locations":[{"start":{"line":55,"column":16},"end":{"line":55,"column":44}},{"start":{"line":55,"column":49},"end":{"line":57,"column":43}}]},"5":{"line":55,"type":"cond-expr","locations":[{"start":{"line":56,"column":14},"end":{"line":56,"column":57}},{"start":{"line":57,"column":14},"end":{"line":57,"column":43}}]},"6":{"line":61,"type":"switch","locations":[{"start":{"line":68,"column":4},"end":{"line":150,"column":14},"skip":true},{"start":{"line":156,"column":4},"end":{"line":324,"column":14},"skip":true}]},"7":{"line":70,"type":"if","locations":[{"start":{"line":70,"column":12},"end":{"line":70,"column":12},"skip":true},{"start":{"line":70,"column":12},"end":{"line":70,"column":12},"skip":true}]},"8":{"line":70,"type":"binary-expr","locations":[{"start":{"line":70,"column":16},"end":{"line":70,"column":22},"skip":true},{"start":{"line":70,"column":27},"end":{"line":70,"column":32},"skip":true},{"start":{"line":71,"column":20},"end":{"line":71,"column":39},"skip":true},{"start":{"line":72,"column":20},"end":{"line":72,"column":49},"skip":true},{"start":{"line":73,"column":20},"end":{"line":73,"column":58},"skip":true},{"start":{"line":74,"column":20},"end":{"line":74,"column":69},"skip":true}]},"9":{"line":79,"type":"switch","locations":[{"start":{"line":80,"column":20},"end":{"line":80,"column":33},"skip":true},{"start":{"line":81,"column":20},"end":{"line":83,"column":30},"skip":true},{"start":{"line":84,"column":20},"end":{"line":85,"column":49},"skip":true}]},"10":{"line":89,"type":"switch","locations":[{"start":{"line":90,"column":12},"end":{"line":103,"column":22},"skip":true},{"start":{"line":105,"column":12},"end":{"line":106,"column":22},"skip":true}]},"11":{"line":89,"type":"binary-expr","locations":[{"start":{"line":89,"column":20},"end":{"line":89,"column":25},"skip":true},{"start":{"line":89,"column":29},"end":{"line":89,"column":48},"skip":true},{"start":{"line":89,"column":52},"end":{"line":89,"column":74},"skip":true}]},"12":{"line":92,"type":"if","locations":[{"start":{"line":92,"column":16},"end":{"line":92,"column":16},"skip":true},{"start":{"line":92,"column":16},"end":{"line":92,"column":16},"skip":true}]},"13":{"line":108,"type":"if","locations":[{"start":{"line":108,"column":12},"end":{"line":108,"column":12},"skip":true},{"start":{"line":108,"column":12},"end":{"line":108,"column":12},"skip":true}]},"14":{"line":108,"type":"binary-expr","locations":[{"start":{"line":108,"column":16},"end":{"line":108,"column":61},"skip":true},{"start":{"line":108,"column":66},"end":{"line":108,"column":72},"skip":true},{"start":{"line":108,"column":77},"end":{"line":108,"column":82},"skip":true},{"start":{"line":109,"column":20},"end":{"line":109,"column":39},"skip":true},{"start":{"line":110,"column":20},"end":{"line":110,"column":49},"skip":true},{"start":{"line":111,"column":20},"end":{"line":111,"column":58},"skip":true},{"start":{"line":112,"column":20},"end":{"line":112,"column":68},"skip":true}]},"15":{"line":129,"type":"if","locations":[{"start":{"line":129,"column":16},"end":{"line":129,"column":16},"skip":true},{"start":{"line":129,"column":16},"end":{"line":129,"column":16},"skip":true}]},"16":{"line":134,"type":"cond-expr","locations":[{"start":{"line":135,"column":26},"end":{"line":135,"column":29},"skip":true},{"start":{"line":136,"column":26},"end":{"line":136,"column":54},"skip":true}]},"17":{"line":164,"type":"binary-expr","locations":[{"start":{"line":164,"column":27},"end":{"line":164,"column":43},"skip":true},{"start":{"line":164,"column":47},"end":{"line":164,"column":49},"skip":true}]},"18":{"line":258,"type":"if","locations":[{"start":{"line":258,"column":8},"end":{"line":258,"column":8},"skip":true},{"start":{"line":258,"column":8},"end":{"line":258,"column":8},"skip":true}]},"19":{"line":275,"type":"switch","locations":[{"start":{"line":276,"column":20},"end":{"line":277,"column":64},"skip":true},{"start":{"line":278,"column":20},"end":{"line":279,"column":40},"skip":true},{"start":{"line":280,"column":20},"end":{"line":281,"column":40},"skip":true},{"start":{"line":282,"column":20},"end":{"line":283,"column":39},"skip":true}]},"20":{"line":288,"type":"if","locations":[{"start":{"line":288,"column":8},"end":{"line":288,"column":8},"skip":true},{"start":{"line":288,"column":8},"end":{"line":288,"column":8},"skip":true}]},"21":{"line":288,"type":"binary-expr","locations":[{"start":{"line":288,"column":12},"end":{"line":288,"column":40},"skip":true},{"start":{"line":288,"column":44},"end":{"line":288,"column":67},"skip":true}]},"22":{"line":292,"type":"binary-expr","locations":[{"start":{"line":292,"column":12},"end":{"line":292,"column":50},"skip":true},{"start":{"line":293,"column":12},"end":{"line":293,"column":53},"skip":true}]},"23":{"line":297,"type":"binary-expr","locations":[{"start":{"line":297,"column":12},"end":{"line":297,"column":71},"skip":true},{"start":{"line":298,"column":12},"end":{"line":301,"column":36},"skip":true}]},"24":{"line":303,"type":"binary-expr","locations":[{"start":{"line":303,"column":43},"end":{"line":303,"column":75},"skip":true},{"start":{"line":303,"column":79},"end":{"line":303,"column":81},"skip":true}]},"25":{"line":306,"type":"if","locations":[{"start":{"line":306,"column":8},"end":{"line":306,"column":8},"skip":true},{"start":{"line":306,"column":8},"end":{"line":306,"column":8},"skip":true}]},"26":{"line":310,"type":"if","locations":[{"start":{"line":310,"column":8},"end":{"line":310,"column":8},"skip":true},{"start":{"line":310,"column":8},"end":{"line":310,"column":8},"skip":true}]},"27":{"line":313,"type":"binary-expr","locations":[{"start":{"line":313,"column":27},"end":{"line":313,"column":43},"skip":true},{"start":{"line":313,"column":47},"end":{"line":313,"column":53},"skip":true}]},"28":{"line":317,"type":"if","locations":[{"start":{"line":317,"column":12},"end":{"line":317,"column":12},"skip":true},{"start":{"line":317,"column":12},"end":{"line":317,"column":12},"skip":true}]}},"code":["/*","example.js","","quickstart example","","instruction","    1. save this script as example.js","    2. run the shell command:","        $ npm install npmtest-gulp-electron && PORT=8081 node example.js","    3. play with the browser-demo on http://127.0.0.1:8081","*/","","","","/* istanbul instrument in package npmtest_gulp_electron */","/*jslint","    bitwise: true,","    browser: true,","    maxerr: 8,","    maxlen: 96,","    node: true,","    nomen: true,","    regexp: true,","    stupid: true","*/","(function () {","    'use strict';","    var local;","","","","    // run shared js-env code - init-before","    (function () {","        // init local","        local = {};","        // init modeJs","        local.modeJs = (function () {","            try {","                return typeof navigator.userAgent === 'string' &&","                    typeof document.querySelector('body') === 'object' &&","                    typeof XMLHttpRequest.prototype.open === 'function' &&","                    'browser';","            } catch (errorCaughtBrowser) {","                return module.exports &&","                    typeof process.versions.node === 'string' &&","                    typeof require('http').createServer === 'function' &&","                    'node';","            }","        }());","        // init global","        local.global = local.modeJs === 'browser'","            ? window","            : global;","        // init utility2_rollup","        local = local.global.utility2_rollup || (local.modeJs === 'browser'","            ? local.global.utility2_npmtest_gulp_electron","            : global.utility2_moduleExports);","        // export local","        local.global.local = local;","    }());","    switch (local.modeJs) {","","","","    // init-after","    // run browser js-env code - init-after","    /* istanbul ignore next */","    case 'browser':","        local.testRunBrowser = function (event) {","            if (!event || (event &&","                    event.currentTarget &&","                    event.currentTarget.className &&","                    event.currentTarget.className.includes &&","                    event.currentTarget.className.includes('onreset'))) {","                // reset output","                Array.from(","                    document.querySelectorAll('body > .resettable')","                ).forEach(function (element) {","                    switch (element.tagName) {","                    case 'INPUT':","                    case 'TEXTAREA':","                        element.value = '';","                        break;","                    default:","                        element.textContent = '';","                    }","                });","            }","            switch (event && event.currentTarget && event.currentTarget.id) {","            case 'testRunButton1':","                // show tests","                if (document.querySelector('#testReportDiv1').style.display === 'none') {","                    document.querySelector('#testReportDiv1').style.display = 'block';","                    document.querySelector('#testRunButton1').textContent =","                        'hide internal test';","                    local.modeTest = true;","                    local.testRunDefault(local);","                // hide tests","                } else {","                    document.querySelector('#testReportDiv1').style.display = 'none';","                    document.querySelector('#testRunButton1').textContent = 'run internal test';","                }","                break;","            // custom-case","            default:","                break;","            }","            if (document.querySelector('#inputTextareaEval1') && (!event || (event &&","                    event.currentTarget &&","                    event.currentTarget.className &&","                    event.currentTarget.className.includes &&","                    event.currentTarget.className.includes('oneval')))) {","                // try to eval input-code","                try {","                    /*jslint evil: true*/","                    eval(document.querySelector('#inputTextareaEval1').value);","                } catch (errorCaught) {","                    console.error(errorCaught);","                }","            }","        };","        // log stderr and stdout to #outputTextareaStdout1","        ['error', 'log'].forEach(function (key) {","            console[key + '_original'] = console[key];","            console[key] = function () {","                var element;","                console[key + '_original'].apply(console, arguments);","                element = document.querySelector('#outputTextareaStdout1');","                if (!element) {","                    return;","                }","                // append text to #outputTextareaStdout1","                element.value += Array.from(arguments).map(function (arg) {","                    return typeof arg === 'string'","                        ? arg","                        : JSON.stringify(arg, null, 4);","                }).join(' ') + '\\n';","                // scroll textarea to bottom","                element.scrollTop = element.scrollHeight;","            };","        });","        // init event-handling","        ['change', 'click', 'keyup'].forEach(function (event) {","            Array.from(document.querySelectorAll('.on' + event)).forEach(function (element) {","                element.addEventListener(event, local.testRunBrowser);","            });","        });","        // run tests","        local.testRunBrowser();","        break;","","","","    // run node js-env code - init-after","    /* istanbul ignore next */","    case 'node':","        // export local","        module.exports = local;","        // require modules","        local.fs = require('fs');","        local.http = require('http');","        local.url = require('url');","        // init assets","        local.assetsDict = local.assetsDict || {};","        /* jslint-ignore-begin */","        local.assetsDict['/assets.index.template.html'] = '\\","<!doctype html>\\n\\","<html lang=\"en\">\\n\\","<head>\\n\\","<meta charset=\"UTF-8\">\\n\\","<meta name=\"viewport\" content=\"width=device-width, initial-scale=1\">\\n\\","<title>{{env.npm_package_name}} (v{{env.npm_package_version}})</title>\\n\\","<style>\\n\\","/*csslint\\n\\","    box-sizing: false,\\n\\","    universal-selector: false\\n\\","*/\\n\\","* {\\n\\","    box-sizing: border-box;\\n\\","}\\n\\","body {\\n\\","    background: #dde;\\n\\","    font-family: Arial, Helvetica, sans-serif;\\n\\","    margin: 2rem;\\n\\","}\\n\\","body > * {\\n\\","    margin-bottom: 1rem;\\n\\","}\\n\\",".utility2FooterDiv {\\n\\","    margin-top: 20px;\\n\\","    text-align: center;\\n\\","}\\n\\","</style>\\n\\","<style>\\n\\","/*csslint\\n\\","*/\\n\\","textarea {\\n\\","    font-family: monospace;\\n\\","    height: 10rem;\\n\\","    width: 100%;\\n\\","}\\n\\","textarea[readonly] {\\n\\","    background: #ddd;\\n\\","}\\n\\","</style>\\n\\","</head>\\n\\","<body>\\n\\","<!-- utility2-comment\\n\\","<div id=\"ajaxProgressDiv1\" style=\"background: #d00; height: 2px; left: 0; margin: 0; padding: 0; position: fixed; top: 0; transition: background 0.5s, width 1.5s; width: 25%;\"></div>\\n\\","utility2-comment -->\\n\\","<h1>\\n\\","<!-- utility2-comment\\n\\","    <a\\n\\","        {{#if env.npm_package_homepage}}\\n\\","        href=\"{{env.npm_package_homepage}}\"\\n\\","        {{/if env.npm_package_homepage}}\\n\\","        target=\"_blank\"\\n\\","    >\\n\\","utility2-comment -->\\n\\","        {{env.npm_package_name}} (v{{env.npm_package_version}})\\n\\","<!-- utility2-comment\\n\\","    </a>\\n\\","utility2-comment -->\\n\\","</h1>\\n\\","<h3>{{env.npm_package_description}}</h3>\\n\\","<!-- utility2-comment\\n\\","<h4><a download href=\"assets.app.js\">download standalone app</a></h4>\\n\\","<button class=\"onclick onreset\" id=\"testRunButton1\">run internal test</button><br>\\n\\","<div id=\"testReportDiv1\" style=\"display: none;\"></div>\\n\\","utility2-comment -->\\n\\","\\n\\","\\n\\","\\n\\","<label>stderr and stdout</label>\\n\\","<textarea class=\"resettable\" id=\"outputTextareaStdout1\" readonly></textarea>\\n\\","<!-- utility2-comment\\n\\","{{#if isRollup}}\\n\\","<script src=\"assets.app.js\"></script>\\n\\","{{#unless isRollup}}\\n\\","utility2-comment -->\\n\\","<script src=\"assets.utility2.rollup.js\"></script>\\n\\","<script src=\"jsonp.utility2._stateInit?callback=window.utility2._stateInit\"></script>\\n\\","<script src=\"assets.npmtest_gulp_electron.rollup.js\"></script>\\n\\","<script src=\"assets.example.js\"></script>\\n\\","<script src=\"assets.test.js\"></script>\\n\\","<!-- utility2-comment\\n\\","{{/if isRollup}}\\n\\","utility2-comment -->\\n\\","<div class=\"utility2FooterDiv\">\\n\\","    [ this app was created with\\n\\","    <a href=\"https://github.com/kaizhu256/node-utility2\" target=\"_blank\">utility2</a>\\n\\","    ]\\n\\","</div>\\n\\","</body>\\n\\","</html>\\n\\","';","        /* jslint-ignore-end */","        if (local.templateRender) {","            local.assetsDict['/'] = local.templateRender(","                local.assetsDict['/assets.index.template.html'],","                {","                    env: local.objectSetDefault(local.env, {","                        npm_package_description: 'the greatest app in the world!',","                        npm_package_name: 'my-app',","                        npm_package_nameAlias: 'my_app',","                        npm_package_version: '0.0.1'","                    })","                }","            );","        } else {","            local.assetsDict['/'] = local.assetsDict['/assets.index.template.html']","                .replace((/\\{\\{env\\.(\\w+?)\\}\\}/g), function (match0, match1) {","                    // jslint-hack","                    String(match0);","                    switch (match1) {","                    case 'npm_package_description':","                        return 'the greatest app in the world!';","                    case 'npm_package_name':","                        return 'my-app';","                    case 'npm_package_nameAlias':","                        return 'my_app';","                    case 'npm_package_version':","                        return '0.0.1';","                    }","                });","        }","        // run the cli","        if (local.global.utility2_rollup || module !== require.main) {","            break;","        }","        local.assetsDict['/assets.example.js'] =","            local.assetsDict['/assets.example.js'] ||","            local.fs.readFileSync(__filename, 'utf8');","        // bug-workaround - long $npm_package_buildCustomOrg","        /* jslint-ignore-begin */","        local.assetsDict['/assets.npmtest_gulp_electron.rollup.js'] =","            local.assetsDict['/assets.npmtest_gulp_electron.rollup.js'] ||","            local.fs.readFileSync(","                local.npmtest_gulp_electron.__dirname + '/lib.npmtest_gulp_electron.js',","                'utf8'","            ).replace((/^#!/), '//');","        /* jslint-ignore-end */","        local.assetsDict['/favicon.ico'] = local.assetsDict['/favicon.ico'] || '';","        // if $npm_config_timeout_exit exists,","        // then exit this process after $npm_config_timeout_exit ms","        if (Number(process.env.npm_config_timeout_exit)) {","            setTimeout(process.exit, Number(process.env.npm_config_timeout_exit));","        }","        // start server","        if (local.global.utility2_serverHttp1) {","            break;","        }","        process.env.PORT = process.env.PORT || '8081';","        console.error('server starting on port ' + process.env.PORT);","        local.http.createServer(function (request, response) {","            request.urlParsed = local.url.parse(request.url);","            if (local.assetsDict[request.urlParsed.pathname] !== undefined) {","                response.end(local.assetsDict[request.urlParsed.pathname]);","                return;","            }","            response.statusCode = 404;","            response.end();","        }).listen(process.env.PORT);","        break;","    }","}());",""],"l":{"26":2,"28":2,"33":2,"35":2,"37":2,"38":2,"39":2,"44":1,"51":2,"55":2,"59":2,"61":2,"69":1,"70":2,"76":2,"79":2,"82":2,"83":2,"85":1,"89":2,"92":1,"93":1,"94":1,"96":1,"97":1,"100":1,"101":1,"103":1,"106":1,"108":2,"114":1,"116":1,"118":1,"123":1,"124":2,"125":2,"126":3,"127":3,"128":3,"129":3,"130":1,"133":3,"134":3,"139":3,"143":1,"144":3,"145":1,"149":1,"150":1,"158":1,"160":1,"161":1,"162":1,"164":1,"166":1,"258":1,"259":1,"271":1,"274":6,"275":6,"277":1,"279":2,"281":1,"283":2,"288":1,"289":1,"291":1,"296":1,"303":1,"306":1,"307":1,"310":1,"311":1,"313":1,"314":1,"315":1,"316":1,"317":1,"318":1,"319":1,"321":1,"322":1,"324":1}},"/home/travis/build/npmtest/node-npmtest-gulp-electron/node_modules/gulp-electron/index.js":{"path":"/home/travis/build/npmtest/node-npmtest-gulp-electron/node_modules/gulp-electron/index.js","s":{"1":1,"2":1,"3":1,"4":1,"5":1,"6":1,"7":1,"8":1,"9":1,"10":1,"11":1,"12":1,"13":1,"14":1,"15":1,"16":1,"17":1,"18":1,"19":1,"20":1,"21":1,"22":1,"23":1,"24":0,"25":0,"26":0,"27":0,"28":0,"29":0,"30":0,"31":0,"32":0,"33":0,"34":0,"35":0,"36":0,"37":0,"38":0,"39":0,"40":0,"41":0,"42":0,"43":0,"44":0,"45":0,"46":0,"47":0,"48":0,"49":0,"50":0,"51":0,"52":0,"53":0,"54":0,"55":0,"56":0,"57":0,"58":0,"59":0,"60":0,"61":0,"62":0,"63":0,"64":0,"65":0,"66":0,"67":0,"68":0,"69":0,"70":0,"71":0,"72":0,"73":0,"74":0,"75":0,"76":0,"77":0,"78":0,"79":0,"80":0,"81":0,"82":0,"83":0,"84":0,"85":0,"86":0,"87":0,"88":0,"89":0,"90":0,"91":0,"92":0,"93":0,"94":0,"95":0,"96":0,"97":0,"98":0,"99":0,"100":0,"101":0,"102":0,"103":0,"104":0,"105":0,"106":0,"107":0,"108":0,"109":0,"110":0,"111":0,"112":0,"113":0,"114":0,"115":0,"116":0,"117":0,"118":0,"119":0,"120":0,"121":0,"122":0,"123":0,"124":0,"125":0,"126":0,"127":0,"128":0,"129":0,"130":0,"131":0,"132":0,"133":0,"134":0,"135":0,"136":0,"137":0,"138":0,"139":0,"140":0,"141":0,"142":0,"143":0,"144":0,"145":0,"146":0,"147":0,"148":0,"149":0,"150":0,"151":0,"152":0,"153":0,"154":0,"155":0,"156":0,"157":0,"158":0,"159":0,"160":0,"161":0,"162":0,"163":0,"164":0,"165":0,"166":0,"167":0,"168":0,"169":0,"170":0,"171":0,"172":0,"173":0,"174":1,"175":0,"176":0,"177":0,"178":1,"179":0,"180":0,"181":0,"182":1,"183":0,"184":0,"185":0,"186":1,"187":0,"188":0,"189":0,"190":0,"191":1,"192":0,"193":0,"194":0,"195":0,"196":0,"197":0,"198":0,"199":0,"200":0,"201":0,"202":0,"203":0,"204":0,"205":0,"206":1,"207":0,"208":0,"209":0,"210":0,"211":0,"212":1,"213":0,"214":0,"215":0,"216":0,"217":0,"218":0,"219":0,"220":1,"221":0,"222":0,"223":0,"224":0,"225":0,"226":0,"227":0,"228":0,"229":1,"230":0,"231":0,"232":0,"233":0,"234":0,"235":0,"236":0,"237":0,"238":0,"239":0,"240":0,"241":0,"242":0,"243":0,"244":0,"245":0,"246":0,"247":0,"248":0,"249":0,"250":0,"251":1,"252":0,"253":0,"254":0,"255":0,"256":0,"257":1,"258":0,"259":0,"260":0,"261":1,"262":0,"263":0,"264":1,"265":0,"266":0,"267":0,"268":0,"269":0,"270":0,"271":0,"272":1,"273":0,"274":0,"275":0,"276":0,"277":0,"278":0,"279":0,"280":0,"281":0,"282":1,"283":0,"284":0,"285":0,"286":0,"287":0,"288":0,"289":0,"290":0,"291":0,"292":0,"293":0,"294":0,"295":1,"296":0,"297":0,"298":0,"299":0,"300":0,"301":0,"302":0,"303":0,"304":0,"305":0,"306":0,"307":0,"308":0,"309":0,"310":0,"311":0,"312":0,"313":0,"314":0,"315":0,"316":0,"317":0},"b":{"1":[0,0],"2":[0,0],"3":[0,0,0,0],"4":[0,0],"5":[0,0],"6":[0,0],"7":[0,0],"8":[0,0],"9":[0,0],"10":[0,0],"11":[0,0],"12":[0,0],"13":[0,0],"14":[0,0],"15":[0,0],"16":[0,0],"17":[0,0],"18":[0,0],"19":[0,0],"20":[0,0],"21":[0,0],"22":[0,0],"23":[0,0],"24":[0,0],"25":[0,0],"26":[0,0],"27":[0,0],"28":[0,0],"29":[0,0],"30":[0,0],"31":[0,0],"32":[0,0],"33":[0,0],"34":[0,0],"35":[0,0],"36":[0,0],"37":[0,0],"38":[0,0],"39":[0,0],"40":[0,0],"41":[0,0],"42":[0,0],"43":[0,0],"44":[0,0],"45":[0,0],"46":[0,0],"47":[0,0],"48":[0,0],"49":[0,0],"50":[0,0],"51":[0,0],"52":[0,0],"53":[0,0],"54":[0,0],"55":[0,0],"56":[0,0],"57":[0,0],"58":[0,0],"59":[0,0],"60":[0,0],"61":[0,0],"62":[0,0],"63":[0,0],"64":[0,0],"65":[0,0],"66":[0,0],"67":[0,0],"68":[0,0]},"f":{"1":0,"2":0,"3":0,"4":0,"5":0,"6":0,"7":0,"8":0,"9":0,"10":0,"11":0,"12":0,"13":0,"14":0,"15":0,"16":0,"17":0,"18":0,"19":0,"20":0,"21":0,"22":0,"23":0,"24":0,"25":0,"26":0,"27":0,"28":0,"29":0,"30":0,"31":0,"32":0,"33":0,"34":0,"35":0,"36":0,"37":0,"38":0,"39":0,"40":0,"41":0,"42":0,"43":0,"44":0,"45":0,"46":0,"47":0,"48":0,"49":0,"50":0,"51":0,"52":0,"53":0,"54":0,"55":0,"56":0,"57":0,"58":0,"59":0,"60":0,"61":0},"fnMap":{"1":{"name":"(anonymous_1)","line":45,"loc":{"start":{"line":45,"column":28},"end":{"line":45,"column":46}}},"2":{"name":"(anonymous_2)","line":89,"loc":{"start":{"line":89,"column":19},"end":{"line":89,"column":43}}},"3":{"name":"(anonymous_3)","line":94,"loc":{"start":{"line":94,"column":14},"end":{"line":94,"column":33}}},"4":{"name":"(anonymous_4)","line":98,"loc":{"start":{"line":98,"column":42},"end":{"line":98,"column":61}}},"5":{"name":"(anonymous_5)","line":122,"loc":{"start":{"line":122,"column":20},"end":{"line":122,"column":31}}},"6":{"name":"(anonymous_6)","line":248,"loc":{"start":{"line":248,"column":25},"end":{"line":248,"column":51}}},"7":{"name":"(anonymous_7)","line":249,"loc":{"start":{"line":249,"column":38},"end":{"line":249,"column":49}}},"8":{"name":"(anonymous_8)","line":251,"loc":{"start":{"line":251,"column":16},"end":{"line":251,"column":27}}},"9":{"name":"(anonymous_9)","line":253,"loc":{"start":{"line":253,"column":16},"end":{"line":253,"column":27}}},"10":{"name":"(anonymous_10)","line":255,"loc":{"start":{"line":255,"column":16},"end":{"line":255,"column":27}}},"11":{"name":"(anonymous_11)","line":264,"loc":{"start":{"line":264,"column":16},"end":{"line":264,"column":27}}},"12":{"name":"(anonymous_12)","line":274,"loc":{"start":{"line":274,"column":16},"end":{"line":274,"column":27}}},"13":{"name":"(anonymous_13)","line":281,"loc":{"start":{"line":281,"column":16},"end":{"line":281,"column":27}}},"14":{"name":"(anonymous_14)","line":288,"loc":{"start":{"line":288,"column":16},"end":{"line":288,"column":27}}},"15":{"name":"(anonymous_15)","line":295,"loc":{"start":{"line":295,"column":16},"end":{"line":295,"column":27}}},"16":{"name":"(anonymous_16)","line":304,"loc":{"start":{"line":304,"column":16},"end":{"line":304,"column":27}}},"17":{"name":"(anonymous_17)","line":317,"loc":{"start":{"line":317,"column":16},"end":{"line":317,"column":27}}},"18":{"name":"(anonymous_18)","line":322,"loc":{"start":{"line":322,"column":16},"end":{"line":322,"column":27}}},"19":{"name":"(anonymous_19)","line":326,"loc":{"start":{"line":326,"column":18},"end":{"line":326,"column":29}}},"20":{"name":"(anonymous_20)","line":334,"loc":{"start":{"line":334,"column":8},"end":{"line":334,"column":19}}},"21":{"name":"(anonymous_21)","line":340,"loc":{"start":{"line":340,"column":9},"end":{"line":340,"column":20}}},"22":{"name":"(anonymous_22)","line":346,"loc":{"start":{"line":346,"column":11},"end":{"line":346,"column":22}}},"23":{"name":"(anonymous_23)","line":352,"loc":{"start":{"line":352,"column":13},"end":{"line":352,"column":24}}},"24":{"name":"(anonymous_24)","line":360,"loc":{"start":{"line":360,"column":11},"end":{"line":360,"column":68}}},"25":{"name":"(anonymous_25)","line":365,"loc":{"start":{"line":365,"column":21},"end":{"line":365,"column":47}}},"26":{"name":"(anonymous_26)","line":375,"loc":{"start":{"line":375,"column":19},"end":{"line":375,"column":35}}},"27":{"name":"(anonymous_27)","line":377,"loc":{"start":{"line":377,"column":18},"end":{"line":377,"column":33}}},"28":{"name":"(anonymous_28)","line":384,"loc":{"start":{"line":384,"column":20},"end":{"line":384,"column":45}}},"29":{"name":"(anonymous_29)","line":392,"loc":{"start":{"line":392,"column":8},"end":{"line":392,"column":46}}},"30":{"name":"(anonymous_30)","line":396,"loc":{"start":{"line":396,"column":21},"end":{"line":396,"column":47}}},"31":{"name":"(anonymous_31)","line":408,"loc":{"start":{"line":408,"column":33},"end":{"line":408,"column":44}}},"32":{"name":"(anonymous_32)","line":414,"loc":{"start":{"line":414,"column":17},"end":{"line":414,"column":86}}},"33":{"name":"(anonymous_33)","line":419,"loc":{"start":{"line":419,"column":21},"end":{"line":419,"column":39}}},"34":{"name":"(anonymous_34)","line":428,"loc":{"start":{"line":428,"column":16},"end":{"line":428,"column":45}}},"35":{"name":"(anonymous_35)","line":433,"loc":{"start":{"line":433,"column":21},"end":{"line":433,"column":39}}},"36":{"name":"(anonymous_36)","line":434,"loc":{"start":{"line":434,"column":45},"end":{"line":434,"column":56}}},"37":{"name":"(anonymous_37)","line":442,"loc":{"start":{"line":442,"column":18},"end":{"line":442,"column":56}}},"38":{"name":"(anonymous_38)","line":443,"loc":{"start":{"line":443,"column":21},"end":{"line":443,"column":39}}},"39":{"name":"(anonymous_39)","line":477,"loc":{"start":{"line":477,"column":20},"end":{"line":477,"column":49}}},"40":{"name":"(anonymous_40)","line":478,"loc":{"start":{"line":478,"column":21},"end":{"line":478,"column":39}}},"41":{"name":"(anonymous_41)","line":486,"loc":{"start":{"line":486,"column":20},"end":{"line":486,"column":49}}},"42":{"name":"(anonymous_42)","line":487,"loc":{"start":{"line":487,"column":21},"end":{"line":487,"column":39}}},"43":{"name":"(anonymous_43)","line":493,"loc":{"start":{"line":493,"column":10},"end":{"line":493,"column":24}}},"44":{"name":"(anonymous_44)","line":494,"loc":{"start":{"line":494,"column":21},"end":{"line":494,"column":39}}},"45":{"name":"(anonymous_45)","line":499,"loc":{"start":{"line":499,"column":16},"end":{"line":499,"column":44}}},"46":{"name":"(anonymous_46)","line":503,"loc":{"start":{"line":503,"column":21},"end":{"line":503,"column":39}}},"47":{"name":"(anonymous_47)","line":505,"loc":{"start":{"line":505,"column":66},"end":{"line":505,"column":77}}},"48":{"name":"(anonymous_48)","line":511,"loc":{"start":{"line":511,"column":13},"end":{"line":511,"column":34}}},"49":{"name":"(anonymous_49)","line":514,"loc":{"start":{"line":514,"column":21},"end":{"line":514,"column":35}}},"50":{"name":"(anonymous_50)","line":518,"loc":{"start":{"line":518,"column":22},"end":{"line":518,"column":33}}},"51":{"name":"(anonymous_51)","line":525,"loc":{"start":{"line":525,"column":12},"end":{"line":525,"column":51}}},"52":{"name":"(anonymous_52)","line":527,"loc":{"start":{"line":527,"column":23},"end":{"line":527,"column":41}}},"53":{"name":"(anonymous_53)","line":530,"loc":{"start":{"line":530,"column":24},"end":{"line":530,"column":35}}},"54":{"name":"(anonymous_54)","line":535,"loc":{"start":{"line":535,"column":21},"end":{"line":535,"column":39}}},"55":{"name":"(anonymous_55)","line":536,"loc":{"start":{"line":536,"column":46},"end":{"line":536,"column":57}}},"56":{"name":"(anonymous_56)","line":539,"loc":{"start":{"line":539,"column":24},"end":{"line":539,"column":35}}},"57":{"name":"(anonymous_57)","line":546,"loc":{"start":{"line":546,"column":8},"end":{"line":546,"column":30}}},"58":{"name":"(anonymous_58)","line":551,"loc":{"start":{"line":551,"column":23},"end":{"line":551,"column":37}}},"59":{"name":"(anonymous_59)","line":556,"loc":{"start":{"line":556,"column":25},"end":{"line":556,"column":40}}},"60":{"name":"(anonymous_60)","line":562,"loc":{"start":{"line":562,"column":25},"end":{"line":562,"column":40}}},"61":{"name":"(anonymous_61)","line":565,"loc":{"start":{"line":565,"column":25},"end":{"line":565,"column":48}}}},"statementMap":{"1":{"start":{"line":1,"column":0},"end":{"line":1,"column":378}},"2":{"start":{"line":3,"column":0},"end":{"line":3,"column":25}},"3":{"start":{"line":5,"column":0},"end":{"line":5,"column":21}},"4":{"start":{"line":7,"column":0},"end":{"line":7,"column":23}},"5":{"start":{"line":9,"column":0},"end":{"line":9,"column":25}},"6":{"start":{"line":11,"column":0},"end":{"line":11,"column":30}},"7":{"start":{"line":13,"column":0},"end":{"line":13,"column":19}},"8":{"start":{"line":15,"column":0},"end":{"line":15,"column":32}},"9":{"start":{"line":17,"column":0},"end":{"line":17,"column":23}},"10":{"start":{"line":19,"column":0},"end":{"line":19,"column":32}},"11":{"start":{"line":21,"column":0},"end":{"line":21,"column":28}},"12":{"start":{"line":23,"column":0},"end":{"line":23,"column":23}},"13":{"start":{"line":25,"column":0},"end":{"line":25,"column":25}},"14":{"start":{"line":27,"column":0},"end":{"line":27,"column":39}},"15":{"start":{"line":29,"column":0},"end":{"line":29,"column":31}},"16":{"start":{"line":31,"column":0},"end":{"line":31,"column":30}},"17":{"start":{"line":33,"column":0},"end":{"line":33,"column":40}},"18":{"start":{"line":35,"column":0},"end":{"line":35,"column":34}},"19":{"start":{"line":37,"column":0},"end":{"line":37,"column":24}},"20":{"start":{"line":39,"column":0},"end":{"line":39,"column":25}},"21":{"start":{"line":41,"column":0},"end":{"line":41,"column":27}},"22":{"start":{"line":43,"column":0},"end":{"line":43,"column":30}},"23":{"start":{"line":45,"column":0},"end":{"line":332,"column":2}},"24":{"start":{"line":46,"column":2},"end":{"line":46,"column":45}},"25":{"start":{"line":47,"column":2},"end":{"line":47,"column":32}},"26":{"start":{"line":48,"column":2},"end":{"line":48,"column":26}},"27":{"start":{"line":49,"column":2},"end":{"line":51,"column":3}},"28":{"start":{"line":50,"column":4},"end":{"line":50,"column":72}},"29":{"start":{"line":52,"column":2},"end":{"line":54,"column":3}},"30":{"start":{"line":53,"column":4},"end":{"line":53,"column":70}},"31":{"start":{"line":55,"column":2},"end":{"line":55,"column":36}},"32":{"start":{"line":56,"column":2},"end":{"line":58,"column":3}},"33":{"start":{"line":57,"column":4},"end":{"line":57,"column":39}},"34":{"start":{"line":59,"column":2},"end":{"line":61,"column":3}},"35":{"start":{"line":60,"column":4},"end":{"line":60,"column":35}},"36":{"start":{"line":62,"column":2},"end":{"line":64,"column":3}},"37":{"start":{"line":63,"column":4},"end":{"line":63,"column":31}},"38":{"start":{"line":65,"column":2},"end":{"line":67,"column":3}},"39":{"start":{"line":66,"column":4},"end":{"line":66,"column":28}},"40":{"start":{"line":68,"column":2},"end":{"line":70,"column":3}},"41":{"start":{"line":69,"column":4},"end":{"line":69,"column":28}},"42":{"start":{"line":71,"column":2},"end":{"line":73,"column":3}},"43":{"start":{"line":72,"column":4},"end":{"line":72,"column":25}},"44":{"start":{"line":74,"column":2},"end":{"line":76,"column":3}},"45":{"start":{"line":75,"column":4},"end":{"line":75,"column":31}},"46":{"start":{"line":77,"column":2},"end":{"line":79,"column":3}},"47":{"start":{"line":78,"column":4},"end":{"line":78,"column":34}},"48":{"start":{"line":80,"column":2},"end":{"line":82,"column":3}},"49":{"start":{"line":81,"column":4},"end":{"line":81,"column":29}},"50":{"start":{"line":83,"column":2},"end":{"line":85,"column":3}},"51":{"start":{"line":84,"column":4},"end":{"line":84,"column":24}},"52":{"start":{"line":86,"column":2},"end":{"line":88,"column":3}},"53":{"start":{"line":87,"column":4},"end":{"line":87,"column":44}},"54":{"start":{"line":89,"column":2},"end":{"line":93,"column":4}},"55":{"start":{"line":90,"column":4},"end":{"line":90,"column":12}},"56":{"start":{"line":91,"column":4},"end":{"line":91,"column":15}},"57":{"start":{"line":92,"column":4},"end":{"line":92,"column":16}},"58":{"start":{"line":94,"column":2},"end":{"line":330,"column":4}},"59":{"start":{"line":95,"column":4},"end":{"line":95,"column":24}},"60":{"start":{"line":96,"column":4},"end":{"line":96,"column":21}},"61":{"start":{"line":97,"column":4},"end":{"line":97,"column":126}},"62":{"start":{"line":98,"column":4},"end":{"line":329,"column":7}},"63":{"start":{"line":99,"column":6},"end":{"line":99,"column":403}},"64":{"start":{"line":100,"column":6},"end":{"line":102,"column":7}},"65":{"start":{"line":101,"column":8},"end":{"line":101,"column":28}},"66":{"start":{"line":103,"column":6},"end":{"line":105,"column":7}},"67":{"start":{"line":104,"column":8},"end":{"line":104,"column":27}},"68":{"start":{"line":106,"column":6},"end":{"line":108,"column":7}},"69":{"start":{"line":107,"column":8},"end":{"line":107,"column":79}},"70":{"start":{"line":109,"column":6},"end":{"line":111,"column":7}},"71":{"start":{"line":110,"column":8},"end":{"line":110,"column":28}},"72":{"start":{"line":112,"column":6},"end":{"line":112,"column":83}},"73":{"start":{"line":113,"column":6},"end":{"line":115,"column":7}},"74":{"start":{"line":114,"column":8},"end":{"line":114,"column":29}},"75":{"start":{"line":116,"column":6},"end":{"line":116,"column":34}},"76":{"start":{"line":117,"column":6},"end":{"line":117,"column":72}},"77":{"start":{"line":118,"column":6},"end":{"line":120,"column":7}},"78":{"start":{"line":119,"column":8},"end":{"line":119,"column":31}},"79":{"start":{"line":121,"column":6},"end":{"line":121,"column":36}},"80":{"start":{"line":122,"column":6},"end":{"line":124,"column":8}},"81":{"start":{"line":123,"column":8},"end":{"line":123,"column":59}},"82":{"start":{"line":125,"column":6},"end":{"line":131,"column":7}},"83":{"start":{"line":126,"column":8},"end":{"line":130,"column":9}},"84":{"start":{"line":127,"column":10},"end":{"line":127,"column":87}},"85":{"start":{"line":129,"column":10},"end":{"line":129,"column":54}},"86":{"start":{"line":132,"column":6},"end":{"line":132,"column":63}},"87":{"start":{"line":133,"column":6},"end":{"line":133,"column":52}},"88":{"start":{"line":134,"column":6},"end":{"line":134,"column":51}},"89":{"start":{"line":135,"column":6},"end":{"line":141,"column":7}},"90":{"start":{"line":136,"column":8},"end":{"line":140,"column":9}},"91":{"start":{"line":137,"column":10},"end":{"line":137,"column":91}},"92":{"start":{"line":139,"column":10},"end":{"line":139,"column":58}},"93":{"start":{"line":142,"column":6},"end":{"line":142,"column":65}},"94":{"start":{"line":143,"column":6},"end":{"line":143,"column":43}},"95":{"start":{"line":144,"column":6},"end":{"line":144,"column":55}},"96":{"start":{"line":145,"column":6},"end":{"line":145,"column":51}},"97":{"start":{"line":146,"column":6},"end":{"line":146,"column":47}},"98":{"start":{"line":147,"column":6},"end":{"line":147,"column":21}},"99":{"start":{"line":148,"column":6},"end":{"line":148,"column":34}},"100":{"start":{"line":149,"column":6},"end":{"line":149,"column":18}},"101":{"start":{"line":150,"column":6},"end":{"line":150,"column":43}},"102":{"start":{"line":151,"column":6},"end":{"line":163,"column":7}},"103":{"start":{"line":152,"column":8},"end":{"line":152,"column":24}},"104":{"start":{"line":153,"column":8},"end":{"line":153,"column":43}},"105":{"start":{"line":154,"column":8},"end":{"line":154,"column":46}},"106":{"start":{"line":155,"column":8},"end":{"line":155,"column":84}},"107":{"start":{"line":156,"column":13},"end":{"line":163,"column":7}},"108":{"start":{"line":157,"column":8},"end":{"line":157,"column":24}},"109":{"start":{"line":158,"column":8},"end":{"line":158,"column":43}},"110":{"start":{"line":159,"column":8},"end":{"line":159,"column":24}},"111":{"start":{"line":161,"column":8},"end":{"line":161,"column":34}},"112":{"start":{"line":162,"column":8},"end":{"line":162,"column":24}},"113":{"start":{"line":164,"column":6},"end":{"line":164,"column":61}},"114":{"start":{"line":165,"column":6},"end":{"line":165,"column":55}},"115":{"start":{"line":166,"column":6},"end":{"line":166,"column":42}},"116":{"start":{"line":167,"column":6},"end":{"line":167,"column":53}},"117":{"start":{"line":168,"column":6},"end":{"line":168,"column":46}},"118":{"start":{"line":169,"column":6},"end":{"line":169,"column":43}},"119":{"start":{"line":170,"column":6},"end":{"line":172,"column":7}},"120":{"start":{"line":171,"column":8},"end":{"line":171,"column":66}},"121":{"start":{"line":173,"column":6},"end":{"line":173,"column":52}},"122":{"start":{"line":174,"column":6},"end":{"line":174,"column":54}},"123":{"start":{"line":175,"column":6},"end":{"line":175,"column":65}},"124":{"start":{"line":176,"column":6},"end":{"line":176,"column":76}},"125":{"start":{"line":177,"column":6},"end":{"line":177,"column":20}},"126":{"start":{"line":178,"column":6},"end":{"line":210,"column":7}},"127":{"start":{"line":179,"column":8},"end":{"line":179,"column":93}},"128":{"start":{"line":211,"column":6},"end":{"line":224,"column":8}},"129":{"start":{"line":225,"column":6},"end":{"line":247,"column":8}},"130":{"start":{"line":248,"column":6},"end":{"line":325,"column":9}},"131":{"start":{"line":249,"column":8},"end":{"line":324,"column":11}},"132":{"start":{"line":250,"column":10},"end":{"line":250,"column":90}},"133":{"start":{"line":252,"column":10},"end":{"line":252,"column":81}},"134":{"start":{"line":254,"column":10},"end":{"line":254,"column":92}},"135":{"start":{"line":256,"column":10},"end":{"line":258,"column":11}},"136":{"start":{"line":257,"column":12},"end":{"line":257,"column":37}},"137":{"start":{"line":259,"column":10},"end":{"line":259,"column":54}},"138":{"start":{"line":260,"column":10},"end":{"line":263,"column":13}},"139":{"start":{"line":265,"column":10},"end":{"line":265,"column":65}},"140":{"start":{"line":266,"column":10},"end":{"line":272,"column":11}},"141":{"start":{"line":267,"column":12},"end":{"line":271,"column":13}},"142":{"start":{"line":268,"column":14},"end":{"line":268,"column":87}},"143":{"start":{"line":270,"column":14},"end":{"line":270,"column":54}},"144":{"start":{"line":273,"column":10},"end":{"line":273,"column":59}},"145":{"start":{"line":275,"column":10},"end":{"line":275,"column":19}},"146":{"start":{"line":276,"column":10},"end":{"line":278,"column":11}},"147":{"start":{"line":277,"column":12},"end":{"line":277,"column":37}},"148":{"start":{"line":279,"column":10},"end":{"line":279,"column":68}},"149":{"start":{"line":280,"column":10},"end":{"line":280,"column":100}},"150":{"start":{"line":282,"column":10},"end":{"line":282,"column":19}},"151":{"start":{"line":283,"column":10},"end":{"line":285,"column":11}},"152":{"start":{"line":284,"column":12},"end":{"line":284,"column":37}},"153":{"start":{"line":286,"column":10},"end":{"line":286,"column":69}},"154":{"start":{"line":287,"column":10},"end":{"line":287,"column":89}},"155":{"start":{"line":289,"column":10},"end":{"line":289,"column":19}},"156":{"start":{"line":290,"column":10},"end":{"line":292,"column":11}},"157":{"start":{"line":291,"column":12},"end":{"line":291,"column":37}},"158":{"start":{"line":293,"column":10},"end":{"line":293,"column":69}},"159":{"start":{"line":294,"column":10},"end":{"line":294,"column":81}},"160":{"start":{"line":296,"column":10},"end":{"line":298,"column":11}},"161":{"start":{"line":297,"column":12},"end":{"line":297,"column":37}},"162":{"start":{"line":299,"column":10},"end":{"line":299,"column":54}},"163":{"start":{"line":300,"column":10},"end":{"line":303,"column":13}},"164":{"start":{"line":305,"column":10},"end":{"line":307,"column":11}},"165":{"start":{"line":306,"column":12},"end":{"line":306,"column":37}},"166":{"start":{"line":308,"column":10},"end":{"line":308,"column":35}},"167":{"start":{"line":318,"column":10},"end":{"line":320,"column":11}},"168":{"start":{"line":319,"column":12},"end":{"line":319,"column":37}},"169":{"start":{"line":321,"column":10},"end":{"line":321,"column":75}},"170":{"start":{"line":323,"column":10},"end":{"line":323,"column":27}},"171":{"start":{"line":327,"column":6},"end":{"line":327,"column":52}},"172":{"start":{"line":328,"column":6},"end":{"line":328,"column":24}},"173":{"start":{"line":331,"column":2},"end":{"line":331,"column":48}},"174":{"start":{"line":334,"column":0},"end":{"line":338,"column":2}},"175":{"start":{"line":335,"column":2},"end":{"line":335,"column":15}},"176":{"start":{"line":336,"column":2},"end":{"line":336,"column":46}},"177":{"start":{"line":337,"column":2},"end":{"line":337,"column":68}},"178":{"start":{"line":340,"column":0},"end":{"line":344,"column":2}},"179":{"start":{"line":341,"column":2},"end":{"line":341,"column":15}},"180":{"start":{"line":342,"column":2},"end":{"line":342,"column":46}},"181":{"start":{"line":343,"column":2},"end":{"line":343,"column":67}},"182":{"start":{"line":346,"column":0},"end":{"line":350,"column":2}},"183":{"start":{"line":347,"column":2},"end":{"line":347,"column":15}},"184":{"start":{"line":348,"column":2},"end":{"line":348,"column":46}},"185":{"start":{"line":349,"column":2},"end":{"line":349,"column":33}},"186":{"start":{"line":352,"column":0},"end":{"line":358,"column":2}},"187":{"start":{"line":353,"column":2},"end":{"line":353,"column":14}},"188":{"start":{"line":354,"column":2},"end":{"line":354,"column":83}},"189":{"start":{"line":355,"column":2},"end":{"line":357,"column":3}},"190":{"start":{"line":356,"column":4},"end":{"line":356,"column":27}},"191":{"start":{"line":360,"column":0},"end":{"line":390,"column":2}},"192":{"start":{"line":361,"column":2},"end":{"line":364,"column":3}},"193":{"start":{"line":362,"column":4},"end":{"line":362,"column":59}},"194":{"start":{"line":363,"column":4},"end":{"line":363,"column":29}},"195":{"start":{"line":365,"column":2},"end":{"line":389,"column":5}},"196":{"start":{"line":366,"column":4},"end":{"line":366,"column":12}},"197":{"start":{"line":367,"column":4},"end":{"line":367,"column":77}},"198":{"start":{"line":368,"column":4},"end":{"line":368,"column":29}},"199":{"start":{"line":369,"column":4},"end":{"line":369,"column":15}},"200":{"start":{"line":370,"column":4},"end":{"line":388,"column":87}},"201":{"start":{"line":376,"column":6},"end":{"line":376,"column":48}},"202":{"start":{"line":378,"column":6},"end":{"line":383,"column":9}},"203":{"start":{"line":385,"column":6},"end":{"line":385,"column":29}},"204":{"start":{"line":386,"column":6},"end":{"line":386,"column":23}},"205":{"start":{"line":387,"column":6},"end":{"line":387,"column":18}},"206":{"start":{"line":392,"column":0},"end":{"line":412,"column":2}},"207":{"start":{"line":393,"column":2},"end":{"line":395,"column":3}},"208":{"start":{"line":394,"column":4},"end":{"line":394,"column":29}},"209":{"start":{"line":396,"column":2},"end":{"line":411,"column":5}},"210":{"start":{"line":408,"column":4},"end":{"line":410,"column":7}},"211":{"start":{"line":409,"column":6},"end":{"line":409,"column":23}},"212":{"start":{"line":414,"column":0},"end":{"line":426,"column":2}},"213":{"start":{"line":415,"column":2},"end":{"line":418,"column":3}},"214":{"start":{"line":416,"column":4},"end":{"line":416,"column":65}},"215":{"start":{"line":417,"column":4},"end":{"line":417,"column":29}},"216":{"start":{"line":419,"column":2},"end":{"line":425,"column":5}},"217":{"start":{"line":420,"column":4},"end":{"line":420,"column":32}},"218":{"start":{"line":421,"column":4},"end":{"line":421,"column":43}},"219":{"start":{"line":422,"column":4},"end":{"line":424,"column":21}},"220":{"start":{"line":428,"column":0},"end":{"line":440,"column":2}},"221":{"start":{"line":429,"column":2},"end":{"line":432,"column":3}},"222":{"start":{"line":430,"column":4},"end":{"line":430,"column":64}},"223":{"start":{"line":431,"column":4},"end":{"line":431,"column":29}},"224":{"start":{"line":433,"column":2},"end":{"line":439,"column":5}},"225":{"start":{"line":434,"column":4},"end":{"line":438,"column":7}},"226":{"start":{"line":435,"column":6},"end":{"line":435,"column":35}},"227":{"start":{"line":436,"column":6},"end":{"line":436,"column":38}},"228":{"start":{"line":437,"column":6},"end":{"line":437,"column":23}},"229":{"start":{"line":442,"column":0},"end":{"line":475,"column":2}},"230":{"start":{"line":443,"column":2},"end":{"line":474,"column":5}},"231":{"start":{"line":444,"column":4},"end":{"line":444,"column":47}},"232":{"start":{"line":445,"column":4},"end":{"line":445,"column":109}},"233":{"start":{"line":446,"column":4},"end":{"line":448,"column":5}},"234":{"start":{"line":447,"column":6},"end":{"line":447,"column":69}},"235":{"start":{"line":449,"column":4},"end":{"line":451,"column":5}},"236":{"start":{"line":450,"column":6},"end":{"line":450,"column":67}},"237":{"start":{"line":452,"column":4},"end":{"line":454,"column":5}},"238":{"start":{"line":453,"column":6},"end":{"line":453,"column":55}},"239":{"start":{"line":455,"column":4},"end":{"line":457,"column":5}},"240":{"start":{"line":456,"column":6},"end":{"line":456,"column":61}},"241":{"start":{"line":458,"column":4},"end":{"line":460,"column":5}},"242":{"start":{"line":459,"column":6},"end":{"line":459,"column":67}},"243":{"start":{"line":461,"column":4},"end":{"line":463,"column":5}},"244":{"start":{"line":462,"column":6},"end":{"line":462,"column":63}},"245":{"start":{"line":464,"column":4},"end":{"line":464,"column":101}},"246":{"start":{"line":465,"column":4},"end":{"line":473,"column":5}},"247":{"start":{"line":466,"column":6},"end":{"line":466,"column":77}},"248":{"start":{"line":467,"column":6},"end":{"line":467,"column":93}},"249":{"start":{"line":468,"column":6},"end":{"line":470,"column":23}},"250":{"start":{"line":472,"column":6},"end":{"line":472,"column":23}},"251":{"start":{"line":477,"column":0},"end":{"line":484,"column":2}},"252":{"start":{"line":478,"column":2},"end":{"line":483,"column":5}},"253":{"start":{"line":479,"column":4},"end":{"line":479,"column":16}},"254":{"start":{"line":480,"column":4},"end":{"line":480,"column":81}},"255":{"start":{"line":481,"column":4},"end":{"line":481,"column":65}},"256":{"start":{"line":482,"column":4},"end":{"line":482,"column":21}},"257":{"start":{"line":486,"column":0},"end":{"line":491,"column":2}},"258":{"start":{"line":487,"column":2},"end":{"line":490,"column":5}},"259":{"start":{"line":488,"column":4},"end":{"line":488,"column":40}},"260":{"start":{"line":489,"column":4},"end":{"line":489,"column":21}},"261":{"start":{"line":493,"column":0},"end":{"line":497,"column":2}},"262":{"start":{"line":494,"column":2},"end":{"line":496,"column":5}},"263":{"start":{"line":495,"column":4},"end":{"line":495,"column":31}},"264":{"start":{"line":499,"column":0},"end":{"line":509,"column":2}},"265":{"start":{"line":500,"column":2},"end":{"line":500,"column":24}},"266":{"start":{"line":501,"column":2},"end":{"line":501,"column":40}},"267":{"start":{"line":502,"column":2},"end":{"line":502,"column":46}},"268":{"start":{"line":503,"column":2},"end":{"line":508,"column":5}},"269":{"start":{"line":504,"column":4},"end":{"line":504,"column":77}},"270":{"start":{"line":505,"column":4},"end":{"line":507,"column":7}},"271":{"start":{"line":506,"column":6},"end":{"line":506,"column":23}},"272":{"start":{"line":511,"column":0},"end":{"line":523,"column":2}},"273":{"start":{"line":512,"column":2},"end":{"line":512,"column":18}},"274":{"
[...]
formResources.darwin.identity, 'utf8').trim();","","        /*","              signingCmd =","         * http://sevenzip.sourceforge.jp/chm/cmdline/commands/extract.htm","        darwin: [","            cmd: 'codesign'","            args: ['--deep', '--force', '--verbose', '--sign', identity, path.join(targetAppDir ,'Contents', 'Frameworks', 'Electron\\\\ Framework.framework')]","          ,","            cmd: 'codesign'","            args: ['--deep', '--force', '--verbose', '--sign', identity, path.join(targetAppDir ,'Contents', 'Frameworks', 'Electron\\\\ Helper EH.app')]","          ,","            cmd: 'codesign'","            args: ['--deep', '--force', '--verbose', '--sign', identity, path.join(targetAppDir ,'Contents', 'Frameworks', 'Electron\\\\ Helper NP.app')]","          ,","            cmd: 'codesign'","            args: ['--deep', '--force', '--verbose', '--sign', identity, path.join(targetAppDir ,'Contents', 'Frameworks', 'Electron\\\\ Helper.app')]","          ,","            cmd: 'codesign'","            args: ['--deep', '--force', '--verbose', '--sign', identity, path.join(targetAppDir ,'Contents', 'Frameworks', 'ReactiveCocoa.framework')]","          ,","            cmd: 'codesign'","            args: ['--deep', '--force', '--verbose', '--sign', identity, path.join(targetAppDir ,'Contents', 'Frameworks', 'Squirrel.framework')]","          ,","            cmd: 'codesign'","            args: ['--deep', '--force', '--verbose', '--sign', identity, path.join(targetAppDir,'Contents', 'Frameworks', 'Mantle.framework')]","          ,","            cmd: 'codesign'","            args: ['--deep', '--force', '--verbose', '--sign', identity, targetAppDir]","        ]","         */","      }","      unpackagingCmd = {","        win32: {","          cmd: '7z',","          args: ['x', cacheFile, '-o' + cacheedPath]","        },","        darwin: {","          cmd: 'unzip',","          args: ['-q', '-o', cacheFile, '-d', cacheedPath]","        },","        linux: {","          cmd: 'unzip',","          args: ['-o', cacheFile, '-d', cacheedPath]","        }","      };","      packagingCmd = {","        win32: {","          cmd: '7z',","          args: ['a', path.join('..', pkgZip), targetZip],","          opts: {","            cwd: platformPath","          }","        },","        darwin: {","          cmd: 'ditto',","          args: ['-c', '-k', '--sequesterRsrc', '--keepParent', targetZip, path.join('..', pkgZip)],","          opts: {","            cwd: platformPath","          }","        },","        linux: {","          cmd: 'zip',","          args: ['-9', '-y', '-r', path.join('..', pkgZip), targetZip],","          opts: {","            cwd: platformPath","          }","        }","      };","      return new Promise(function(resolve, reject) {","        return Promise.resolve().then(function() {","          return download(cacheFile, cachePath, options.version, cacheZip, options.token);","        }).then(function() {","          return unzip(cacheFile, cacheedPath, unpackagingCmd[process.platform]);","        }).then(function() {","          return distributeBase(platformPath, cacheedPath, electronFilePath, targetAppPath);","        }).then(function() {","          if (!options.rebuild) {","            return Promise.resolve();","          }","          util.log(PLUGIN_NAME, \"Rebuilding modules\");","          return rebuild({","            cmd: options.apm,","            args: ['rebuild']","          });","        }).then(function() {","          util.log(PLUGIN_NAME, \"distributeApp \" + targetAppDir);","          if (!path.isAbsolute(options.src)) {","            if (options.src.match(/^\\~/)) {","              options.src = path.join(getUserHome(), options.src.replace(/^\\~\\//, \"\"));","            } else {","              options.src = path.resolve(options.src);","            }","          }","          return distributeApp(options.src, targetDirPath);","        }).then(function() {","          var ref2;","          if (platform.indexOf('darwin') === -1 || (((ref2 = options.platformResources) != null ? ref2.darwin : void 0) == null)) {","            return Promise.resolve();","          }","          util.log(PLUGIN_NAME, \"distributePlist \" + targetAppPath);","          return distributePlist(options.platformResources.darwin, packageJson.name, targetAppPath);","        }).then(function() {","          var ref2;","          if (platform.indexOf('darwin') === -1 || (((ref2 = options.platformResources) != null ? ref2.darwin : void 0) == null)) {","            return Promise.resolve();","          }","          util.log(PLUGIN_NAME, \"distributeMacIcon \" + targetAppDir);","          return distributeMacIcon(options.platformResources.darwin.icon, targetAppPath);","        }).then(function() {","          var ref2;","          if (platform.indexOf('win32') === -1 || (((ref2 = options.platformResources) != null ? ref2.win : void 0) == null)) {","            return Promise.resolve();","          }","          util.log(PLUGIN_NAME, \"distributeWinIcon \" + targetAppDir);","          return distributeWinIcon(options.platformResources.win, targetAppPath);","        }).then(function() {","          if (!options.asar) {","            return Promise.resolve();","          }","          util.log(PLUGIN_NAME, \"packaging app.asar\");","          return asarPackaging(targetDirPath, targetAsarPath, {","            unpack: options.asarUnpack,","            unpackDir: options.asarUnpackDir","          });","        }).then(function() {","          if (!options.packaging) {","            return Promise.resolve();","          }","          return Promise.resolve();","","          /*","          if platform is \"darwin-x64\" and process.platform is \"darwin\"","            if identity is \"\"","              util.log PLUGIN_NAME, \"not found identity file. skip signing\"","              return Promise.resolve()","            signDarwin signingCmd.darwin","           */","        }).then(function() {","          if (!options.packaging) {","            return Promise.resolve();","          }","          return packaging(pkgZipFilePath, packagingCmd[process.platform]);","        }).then(function() {","          return resolve();","        });","      });","    })[\"finally\"](function() {","      util.log(PLUGIN_NAME, \"all distribute done.\");","      return callback();","    });","  };","  return through.obj(bufferContents, endStream);","};","","isDir = function() {","  var filepath;","  filepath = path.join.apply(path, arguments);","  return fs.existsSync(filepath) && !fs.statSync(filepath).isFile();","};","","isFile = function() {","  var filepath;","  filepath = path.join.apply(path, arguments);","  return fs.existsSync(filepath) && fs.statSync(filepath).isFile();","};","","isExists = function() {","  var filepath;","  filepath = path.join.apply(path, arguments);","  return fs.existsSync(filepath);","};","","getApmPath = function() {","  var apmPath;","  apmPath = path.join('apm', 'node_modules', 'atom-package-manager', 'bin', 'apm');","  if (!isFile(apmPath)) {","    return apmPath = 'apm';","  }","};","","download = function(cacheFile, cachePath, version, cacheZip, token) {","  if (isFile(cacheFile)) {","    util.log(PLUGIN_NAME, \"download skip: already exists\");","    return Promise.resolve();","  }","  return new Promise(function(resolve, reject) {","    var bar;","    util.log(PLUGIN_NAME, \"download electron \" + cacheZip + \" cache filie.\");","    fs.mkdirsSync(cachePath);","    bar = null;","    return grs({","      repo: 'atom/electron',","      tag: version,","      name: cacheZip,","      token: token","    }).on('error', function(error) {","      throw new PluginError(PLUGIN_NAME, error);","    }).on('size', function(size) {","      return bar = new ProgressBar(cacheFile + \" [:bar] :percent :etas\", {","        complete: '>',","        incomplete: ' ',","        width: 20,","        total: size","      });","    }).pipe(through(function(chunk, enc, cb) {","      bar.tick(chunk.length);","      this.push(chunk);","      return cb();","    })).pipe(fs.createWriteStream(cacheFile)).on('close', resolve).on('error', reject);","  });","};","","unzip = function(src, target, unpackagingCmd) {","  if (isExists(target)) {","    return Promise.resolve();","  }","  return new Promise(function(resolve, reject) {","","    /*","    decompress = new Decompress src","    decompress.on 'error', reject","    decompress.on 'extract', ->","      util.log PLUGIN_NAME, \"decompress done #{src}, #{target}\"","      resolve()","    decompress.extract","      path: target","      follow: true","     */","    return spawn(unpackagingCmd, function() {","      return resolve();","    });","  });","};","","distributeBase = function(platformPath, cacheedPath, electronFilePath, targetAppPath) {","  if (isExists(platformPath) && isExists(targetAppPath)) {","    util.log(PLUGIN_NAME, \"distributeBase skip: already exists\");","    return Promise.resolve();","  }","  return new Promise(function(resolve) {","    fs.mkdirsSync(platformPath);","    fs.copySync(cacheedPath, platformPath);","    return mvAsync(electronFilePath, targetAppPath, {","      mkdirp: true","    }).then(resolve);","  });","};","","distributeApp = function(src, targetDirPath) {","  if (isExists(targetDirPath)) {","    util.log(PLUGIN_NAME, \"distributeApp skip: already exists\");","    return Promise.resolve();","  }","  return new Promise(function(resolve) {","    return rmAsync(targetDirPath)[\"finally\"](function() {","      fs.mkdirsSync(targetDirPath);","      fs.copySync(src, targetDirPath);","      return resolve();","    });","  });","};","","distributePlist = function(darwin, name, targetAppPath) {","  return new Promise(function(resolve) {","    var _binaryDest, _binarySrc, contentsPlist;","    contentsPlist = plist.parse(fs.readFileSync(path.join(targetAppPath, 'Contents', 'Info.plist'), 'utf8'));","    if (darwin.CFBundleDisplayName != null) {","      contentsPlist.CFBundleDisplayName = darwin.CFBundleDisplayName;","    }","    if (darwin.CFBundleIdentifier != null) {","      contentsPlist.CFBundleIdentifier = darwin.CFBundleIdentifier;","    }","    if (darwin.CFBundleName != null) {","      contentsPlist.CFBundleName = darwin.CFBundleName;","    }","    if (darwin.CFBundleVersion != null) {","      contentsPlist.CFBundleVersion = darwin.CFBundleVersion;","    }","    if (darwin.CFBundleExecutable != null) {","      contentsPlist.CFBundleExecutable = darwin.CFBundleExecutable;","    }","    if (darwin.CFBundleURLTypes != null) {","      contentsPlist.CFBundleURLTypes = darwin.CFBundleURLTypes;","    }","    fs.writeFileSync(path.join(targetAppPath, 'Contents', 'Info.plist'), plist.build(contentsPlist));","    if (darwin.CFBundleExecutable != null) {","      _binarySrc = path.join(targetAppPath, 'Contents', 'MacOS', 'Electron');","      _binaryDest = path.join(targetAppPath, 'Contents', 'MacOS', darwin.CFBundleExecutable);","      return mvAsync(_binarySrc, _binaryDest, {","        mkdirp: true","      }).then(resolve);","    } else {","      return resolve();","    }","  });","};","","distributeMacIcon = function(src, targetAppPath) {","  return new Promise(function(resolve) {","    var iconDir;","    iconDir = path.join(targetAppPath, 'Contents', 'Resources', 'electron.icns');","    fs.createReadStream(src).pipe(fs.createWriteStream(iconDir));","    return resolve();","  });","};","","distributeWinIcon = function(src, targetAppPath) {","  return new Promise(function(resolve) {","    rcedit(targetAppPath, src, resolve);","    return resolve();","  });","};","","rebuild = function(cmd) {","  return new Promise(function(resolve) {","    return spawn(cmd, resolve);","  });","};","","asarPackaging = function(src, target, opts) {","  var escSrc, escTarget;","  escSrc = src.replace(/(\\\\\\s)/, \"\\\\ \");","  escTarget = target.replace(/(\\\\\\s)/, \"\\\\ \");","  return new Promise(function(resolve) {","    util.log(PLUGIN_NAME, \"packaging app.asar \" + escSrc + \", \" + escTarget);","    return asar.createPackageWithOptions(escSrc, escTarget, opts, function() {","      return resolve();","    });","  });","};","","signDarwin = function(signingCmd) {","  var promiseList;","  promiseList = [];","  signingCmd.forEach(function(cmd) {","    var p;","    p = Promise.defer();","    promiseList.push(p);","    return spawn(cmd, function() {","      return p.resolve();","    });","  });","  return Promise.when(promiseList);","};","","packaging = function(pkgZipFilePath, packagingCmd) {","  if (!isFile(pkgZipFilePath)) {","    return new Promise(function(resolve) {","      var cmd;","      cmd = packagingCmd;","      return spawn(cmd, function() {","        return resolve();","      });","    });","  }","  return new Promise(function(resolve) {","    return rmAsync(pkgZipFilePath)[\"finally\"](function() {","      var cmd;","      cmd = packagingCmd;","      return spawn(cmd, function() {","        return resolve();","      });","    });","  });","};","","spawn = function(options, cb) {","  var error, proc, stderr, stdout;","  stdout = [];","  stderr = [];","  error = null;","  options.args.forEach(function(arg) {","    return arg = arg.replace(' ', '\\\\ ');","  });","  util.log(\"> \" + options.cmd + \" \" + (options.args.join(' ')));","  proc = childProcess.spawn(options.cmd, options.args, options.opts);","  proc.stdout.on('data', function(data) {","    stdout.push(data.toString());","    if (process.NODE_ENV === 'test') {","      return util.log(data.toString());","    }","  });","  proc.stderr.on('data', function(data) {","    return stderr.push(data.toString());","  });","  return proc.on('exit', function(code, signal) {","    var results;","    if (code !== 0) {","      error = new Error(signal);","    }","    results = {","      stderr: stderr.join(''),","      stdout: stdout.join(''),","      code: code","    };","    if (code !== 0) {","      throw new PluginError(PLUGIN_NAME, results.stderr || 'unknow error , maybe you can try delete the zip packages.');","    }","    return cb(error, results);","  });","};",""],"l":{"1":1,"3":1,"5":1,"7":1,"9":1,"11":1,"13":1,"15":1,"17":1,"19":1,"21":1,"23":1,"25":1,"27":1,"29":1,"31":1,"33":1,"35":1,"37":1,"39":1,"41":1,"43":1,"45":1,"46":0,"47":0,"48":0,"49":0,"50":0,"52":0,"53":0,"55":0,"56":0,"57":0,"59":0,"60":0,"62":0,"63":0,"65":0,"66":0,"68":0,"69":0,"71":0,"72":0,"74":0,"75":0,"77":0,"78":0,"80":0,"81":0,"83":0,"84":0,"86":0,"87":0,"89":0,"90":0,"91":0,"92":0,"94":0,"95":0,"96":0,"97":0,"98":0,"99":0,"100":0,"101":0,"103":0,"104":0,"106":0,"107":0,"109":0,"110":0,"112":0,"113":0,"114":0,"116":0,"117":0,"118":0,"119":0,"121":0,"122":0,"123":0,"125":0,"126":0,"127":0,"129":0,"132":0,"133":0,"134":0,"135":0,"136":0,"137":0,"139":0,"142":0,"143":0,"144":0,"145":0,"146":0,"147":0,"148":0,"149":0,"150":0,"151":0,"152":0,"153":0,"154":0,"155":0,"156":0,"157":0,"158":0,"159":0,"161":0,"162":0,"164":0,"165":0,"166":0,"167":0,"168":0,"169":0,"170":0,"171":0,"173":0,"174":0,"175":0,"176":0,"177":0,"178":0,"179":0,"211":0,"225":0,"248":0,"249":0,"250":0,"252":0,"254":0,"256":0,"257":0,"259":0,"260":0,"265":0,"266":0,"267":0,"268":0,"270":0,"273":0,"275":0,"276":0,"277":0,"279":0,"280":0,"282":0,"283":0,"284":0,"286":0,"287":0,"289":0,"290":0,"291":0,"293":0,"294":0,"296":0,"297":0,"299":0,"300":0,"305":0,"306":0,"308":0,"318":0,"319":0,"321":0,"323":0,"327":0,"328":0,"331":0,"334":1,"335":0,"336":0,"337":0,"340":1,"341":0,"342":0,"343":0,"346":1,"347":0,"348":0,"349":0,"352":1,"353":0,"354":0,"355":0,"356":0,"360":1,"361":0,"362":0,"363":0,"365":0,"366":0,"367":0,"368":0,"369":0,"370":0,"376":0,"378":0,"385":0,"386":0,"387":0,"392":1,"393":0,"394":0,"396":0,"408":0,"409":0,"414":1,"415":0,"416":0,"417":0,"419":0,"420":0,"421":0,"422":0,"428":1,"429":0,"430":0,"431":0,"433":0,"434":0,"435":0,"436":0,"437":0,"442":1,"443":0,"444":0,"445":0,"446":0,"447":0,"449":0,"450":0,"452":0,"453":0,"455":0,"456":0,"458":0,"459":0,"461":0,"462":0,"464":0,"465":0,"466":0,"467":0,"468":0,"472":0,"477":1,"478":0,"479":0,"480":0,"481":0,"482":0,"486":1,"487":0,"488":0,"489":0,"493":1,"494":0,"495":0,"499":1,"500":0,"501":0,"502":0,"503":0,"504":0,"505":0,"506":0,"511":1,"512":0,"513":0,"514":0,"515":0,"516":0,"517":0,"518":0,"519":0,"522":0,"525":1,"526":0,"527":0,"528":0,"529":0,"530":0,"531":0,"535":0,"536":0,"537":0,"538":0,"539":0,"540":0,"546":1,"547":0,"548":0,"549":0,"550":0,"551":0,"552":0,"554":0,"555":0,"556":0,"557":0,"558":0,"559":0,"562":0,"563":0,"565":0,"566":0,"567":0,"568":0,"570":0,"575":0,"576":0,"578":0}},"/home/travis/build/npmtest/node-npmtest-gulp-electron/node_modules/gulp-electron/gulpfile.js":{"path":"/home/travis/build/npmtest/node-npmtest-gulp-electron/node_modules/gulp-electron/gulpfile.js","s":{"1":2,"2":2,"3":2,"4":2,"5":0,"6":0,"7":0,"8":0,"9":0,"10":0,"11":0,"12":0,"13":0,"14":0,"15":0,"16":0,"17":0,"18":0,"19":0},"b":{},"f":{"1":0,"2":0,"3":0,"4":0},"fnMap":{"1":{"name":"(anonymous_1)","line":19,"loc":{"start":{"line":19,"column":18},"end":{"line":19,"column":29}}},"2":{"name":"(anonymous_2)","line":26,"loc":{"start":{"line":26,"column":30},"end":{"line":26,"column":41}}},"3":{"name":"(anonymous_3)","line":36,"loc":{"start":{"line":36,"column":31},"end":{"line":36,"column":42}}},"4":{"name":"(anonymous_4)","line":44,"loc":{"start":{"line":44,"column":19},"end":{"line":44,"column":30}}}},"statementMap":{"1":{"start":{"line":4,"column":0},"end":{"line":4,"column":30}},"2":{"start":{"line":5,"column":0},"end":{"line":5,"column":18}},"3":{"start":{"line":7,"column":0},"end":{"line":7,"column":27}},"4":{"start":{"line":8,"column":0},"end":{"line":8,"column":27}},"5":{"start":{"line":9,"column":0},"end":{"line":9,"column":33}},"6":{"start":{"line":10,"column":0},"end":{"line":10,"column":36}},"7":{"start":{"line":11,"column":0},"end":{"line":11,"column":44}},"8":{"start":{"line":12,"column":0},"end":{"line":12,"column":34}},"9":{"start":{"line":15,"column":0},"end":{"line":15,"column":21}},"10":{"start":{"line":16,"column":0},"end":{"line":16,"column":30}},"11":{"start":{"line":19,"column":0},"end":{"line":23,"column":3}},"12":{"start":{"line":20,"column":4},"end":{"line":22,"column":37}},"13":{"start":{"line":26,"column":0},"end":{"line":33,"column":3}},"14":{"start":{"line":27,"column":4},"end":{"line":32,"column":32}},"15":{"start":{"line":36,"column":0},"end":{"line":42,"column":3}},"16":{"start":{"line":37,"column":4},"end":{"line":41,"column":12}},"17":{"start":{"line":44,"column":0},"end":{"line":46,"column":3}},"18":{"start":{"line":45,"column":4},"end":{"line":45,"column":32}},"19":{"start":{"line":48,"column":0},"end":{"line":48,"column":33}}},"branchMap":{},"code":["'use strict';","/* jshint node:true */","","process.env.NODE_ENV = 'test';","require('should');","","var path = require('path');","var gulp = require('gulp');","var gutil = require('gulp-util');","var coffee = require('gulp-coffee');","var coffeelint = require('gulp-coffeelint');","var mocha = require('gulp-mocha');","","// Files.","var src = '*.coffee';","var tests = 'test/*.mocha.js';","","// Coffee Lint","gulp.task('lint', function() {","    gulp.src(src)","        .pipe(coffeelint())","        .pipe(coffeelint.reporter());","});","","// Compile coffee scripts.","gulp.task('coffee', ['lint'], function() {","    return gulp.src(src)","        .pipe(coffee({","            bare: true","        }).on('error', gutil.log))","        .pipe(gulp.dest('.'))","        .on('error', gutil.log);","});","","// Run tests.","gulp.task('mocha', ['coffee'], function() {","    return gulp.src(tests)","        .pipe(mocha({","            timeout: 10000,","            reporter: 'spec'","        }));","});","","gulp.task('watch', function() {","    gulp.watch(src, ['coffee']);","});","","gulp.task('default', ['coffee']);",""],"l":{"4":2,"5":2,"7":2,"8":2,"9":0,"10":0,"11":0,"12":0,"15":0,"16":0,"19":0,"20":0,"26":0,"27":0,"36":0,"37":0,"44":0,"45":0,"48":0}}}